0 info it worked if it ends with ok
1 verbose cli [ 'C:\\Program Files\\nodejs\\node.exe',
1 verbose cli   'C:\\Program Files\\nodejs\\node_modules\\npm\\bin\\npm-cli.js',
1 verbose cli   'install',
1 verbose cli   'ng2-sidemenu' ]
2 info using npm@3.10.10
3 info using node@v6.9.4
4 silly loadCurrentTree Starting
5 silly install loadCurrentTree
6 silly install readLocalPackageData
7 silly fetchPackageMetaData ng2-sidemenu
8 silly fetchNamedPackageData ng2-sidemenu
9 silly mapToRegistry name ng2-sidemenu
10 silly mapToRegistry using default registry
11 silly mapToRegistry registry https://registry.npmjs.org/
12 silly mapToRegistry data Result {
12 silly mapToRegistry   raw: 'ng2-sidemenu',
12 silly mapToRegistry   scope: null,
12 silly mapToRegistry   escapedName: 'ng2-sidemenu',
12 silly mapToRegistry   name: 'ng2-sidemenu',
12 silly mapToRegistry   rawSpec: '',
12 silly mapToRegistry   spec: 'latest',
12 silly mapToRegistry   type: 'tag' }
13 silly mapToRegistry uri https://registry.npmjs.org/ng2-sidemenu
14 verbose request uri https://registry.npmjs.org/ng2-sidemenu
15 verbose request no auth needed
16 info attempt registry request try #1 at 3:07:00 PM
17 verbose request id 963860d541d68dd4
18 verbose etag W/"57526bc3-2d6f"
19 verbose lastModified Sat, 04 Jun 2016 05:48:51 GMT
20 http request GET https://registry.npmjs.org/ng2-sidemenu
21 http 304 https://registry.npmjs.org/ng2-sidemenu
22 verbose headers { date: 'Fri, 17 Feb 2017 09:37:03 GMT',
22 verbose headers   via: '1.1 varnish',
22 verbose headers   'cache-control': 'max-age=300',
22 verbose headers   etag: 'W/"57526bc3-2d6f"',
22 verbose headers   age: '0',
22 verbose headers   connection: 'keep-alive',
22 verbose headers   'x-served-by': 'cache-cdg8722-CDG',
22 verbose headers   'x-cache': 'MISS',
22 verbose headers   'x-cache-hits': '0',
22 verbose headers   'x-timer': 'S1487324223.464382,VS0,VE16',
22 verbose headers   vary: 'Accept-Encoding' }
23 silly get cb [ 304,
23 silly get   { date: 'Fri, 17 Feb 2017 09:37:03 GMT',
23 silly get     via: '1.1 varnish',
23 silly get     'cache-control': 'max-age=300',
23 silly get     etag: 'W/"57526bc3-2d6f"',
23 silly get     age: '0',
23 silly get     connection: 'keep-alive',
23 silly get     'x-served-by': 'cache-cdg8722-CDG',
23 silly get     'x-cache': 'MISS',
23 silly get     'x-cache-hits': '0',
23 silly get     'x-timer': 'S1487324223.464382,VS0,VE16',
23 silly get     vary: 'Accept-Encoding' } ]
24 verbose etag https://registry.npmjs.org/ng2-sidemenu from cache
25 verbose get saving ng2-sidemenu to C:\Users\Akshu\AppData\Roaming\npm-cache\registry.npmjs.org\ng2-sidemenu\.cache.json
26 verbose correctMkdir C:\Users\Akshu\AppData\Roaming\npm-cache correctMkdir not in flight; initializing
27 silly install normalizeTree
28 silly loadCurrentTree Finishing
29 silly loadIdealTree Starting
30 silly install loadIdealTree
31 silly cloneCurrentTree Starting
32 silly install cloneCurrentTreeToIdealTree
33 silly cloneCurrentTree Finishing
34 silly loadShrinkwrap Starting
35 silly install loadShrinkwrap
36 silly loadShrinkwrap Finishing
37 silly loadAllDepsIntoIdealTree Starting
38 silly install loadAllDepsIntoIdealTree
39 silly resolveWithNewModule ng2-sidemenu@1.0.2 checking installable status
40 silly cache add args [ 'ng2-sidemenu', null ]
41 verbose cache add spec ng2-sidemenu
42 silly cache add parsed spec Result {
42 silly cache add   raw: 'ng2-sidemenu',
42 silly cache add   scope: null,
42 silly cache add   escapedName: 'ng2-sidemenu',
42 silly cache add   name: 'ng2-sidemenu',
42 silly cache add   rawSpec: '',
42 silly cache add   spec: 'latest',
42 silly cache add   type: 'tag' }
43 silly addNamed ng2-sidemenu@latest
44 verbose addNamed "latest" is being treated as a dist-tag for ng2-sidemenu
45 info addNameTag [ 'ng2-sidemenu', 'latest' ]
46 silly mapToRegistry name ng2-sidemenu
47 silly mapToRegistry using default registry
48 silly mapToRegistry registry https://registry.npmjs.org/
49 silly mapToRegistry data Result {
49 silly mapToRegistry   raw: 'ng2-sidemenu',
49 silly mapToRegistry   scope: null,
49 silly mapToRegistry   escapedName: 'ng2-sidemenu',
49 silly mapToRegistry   name: 'ng2-sidemenu',
49 silly mapToRegistry   rawSpec: '',
49 silly mapToRegistry   spec: 'latest',
49 silly mapToRegistry   type: 'tag' }
50 silly mapToRegistry uri https://registry.npmjs.org/ng2-sidemenu
51 verbose addNameTag registry:https://registry.npmjs.org/ng2-sidemenu not in flight; fetching
52 verbose get https://registry.npmjs.org/ng2-sidemenu not expired, no request
53 silly addNameTag next cb for ng2-sidemenu with tag latest
54 silly addNamed ng2-sidemenu@1.0.2
55 verbose addNamed "1.0.2" is a plain semver version for ng2-sidemenu
56 silly cache afterAdd ng2-sidemenu@1.0.2
57 verbose afterAdd C:\Users\Akshu\AppData\Roaming\npm-cache\ng2-sidemenu\1.0.2\package\package.json not in flight; writing
58 verbose correctMkdir C:\Users\Akshu\AppData\Roaming\npm-cache correctMkdir not in flight; initializing
59 verbose afterAdd C:\Users\Akshu\AppData\Roaming\npm-cache\ng2-sidemenu\1.0.2\package\package.json written
60 silly fetchNamedPackageData fsevents
61 silly mapToRegistry name fsevents
62 silly mapToRegistry using default registry
63 silly mapToRegistry registry https://registry.npmjs.org/
64 silly mapToRegistry data Result {
64 silly mapToRegistry   raw: 'fsevents',
64 silly mapToRegistry   scope: null,
64 silly mapToRegistry   escapedName: 'fsevents',
64 silly mapToRegistry   name: 'fsevents',
64 silly mapToRegistry   rawSpec: '',
64 silly mapToRegistry   spec: 'latest',
64 silly mapToRegistry   type: 'tag' }
65 silly mapToRegistry uri https://registry.npmjs.org/fsevents
66 verbose request uri https://registry.npmjs.org/fsevents
67 verbose request no auth needed
68 info attempt registry request try #1 at 3:07:06 PM
69 verbose etag W/"5896f7ec-c263"
70 verbose lastModified Sun, 05 Feb 2017 10:01:16 GMT
71 http request GET https://registry.npmjs.org/fsevents
72 http 304 https://registry.npmjs.org/fsevents
73 verbose headers { date: 'Fri, 17 Feb 2017 09:37:07 GMT',
73 verbose headers   via: '1.1 varnish',
73 verbose headers   'cache-control': 'max-age=300',
73 verbose headers   etag: 'W/"5896f7ec-c263"',
73 verbose headers   age: '297',
73 verbose headers   connection: 'keep-alive',
73 verbose headers   'x-served-by': 'cache-cdg8722-CDG',
73 verbose headers   'x-cache': 'HIT',
73 verbose headers   'x-cache-hits': '29',
73 verbose headers   'x-timer': 'S1487324227.569051,VS0,VE0',
73 verbose headers   vary: 'Accept-Encoding' }
74 silly get cb [ 304,
74 silly get   { date: 'Fri, 17 Feb 2017 09:37:07 GMT',
74 silly get     via: '1.1 varnish',
74 silly get     'cache-control': 'max-age=300',
74 silly get     etag: 'W/"5896f7ec-c263"',
74 silly get     age: '297',
74 silly get     connection: 'keep-alive',
74 silly get     'x-served-by': 'cache-cdg8722-CDG',
74 silly get     'x-cache': 'HIT',
74 silly get     'x-cache-hits': '29',
74 silly get     'x-timer': 'S1487324227.569051,VS0,VE0',
74 silly get     vary: 'Accept-Encoding' } ]
75 verbose etag https://registry.npmjs.org/fsevents from cache
76 verbose get saving fsevents to C:\Users\Akshu\AppData\Roaming\npm-cache\registry.npmjs.org\fsevents\.cache.json
77 verbose correctMkdir C:\Users\Akshu\AppData\Roaming\npm-cache correctMkdir not in flight; initializing
78 silly resolveWithNewModule fsevents@1.0.17 checking installable status
79 silly loadAllDepsIntoIdealTree Finishing
80 silly loadIdealTree Finishing
81 silly currentTree sidemenus@0.0.0
81 silly currentTree +-- @angular-cli/ast-tools@1.0.16
81 silly currentTree | +-- denodeify@1.2.1
81 silly currentTree | +-- minimist@1.2.0
81 silly currentTree | +-- mkdirp@0.5.1
81 silly currentTree | | `-- minimist@0.0.8
81 silly currentTree | +-- rxjs@5.1.0
81 silly currentTree | +-- source-map-support@0.4.11
81 silly currentTree | +-- source-map@0.5.6
81 silly currentTree | +-- symbol-observable@1.0.4
81 silly currentTree | +-- tsickle@0.2.5
81 silly currentTree | `-- typescript@2.0.10
81 silly currentTree +-- @angular-cli/base-href-webpack@1.0.16
81 silly currentTree +-- @angular/common@2.4.7
81 silly currentTree +-- @angular/compiler-cli@2.4.7
81 silly currentTree +-- @angular/compiler@2.4.7
81 silly currentTree +-- @angular/core@2.4.7
81 silly currentTree +-- @angular/forms@2.4.7
81 silly currentTree +-- @angular/http@2.4.7
81 silly currentTree +-- @angular/platform-browser-dynamic@2.4.7
81 silly currentTree +-- @angular/platform-browser@2.4.7
81 silly currentTree +-- @angular/router@3.4.7
81 silly currentTree +-- @angular/tsc-wrapped@0.5.2
81 silly currentTree +-- @ngtools/json-schema@1.0.4
81 silly currentTree +-- @ngtools/webpack@1.2.10
81 silly currentTree +-- @types/jasmine@2.5.38
81 silly currentTree +-- @types/node@6.0.63
81 silly currentTree +-- @types/q@0.0.32
81 silly currentTree +-- @types/selenium-webdriver@2.53.37
81 silly currentTree +-- abbrev@1.1.0
81 silly currentTree +-- accepts@1.3.3
81 silly currentTree +-- acorn-dynamic-import@2.0.1
81 silly currentTree +-- acorn@4.0.11
81 silly currentTree +-- adm-zip@0.4.7
81 silly currentTree +-- after@0.8.1
81 silly currentTree +-- agent-base@2.0.1
81 silly currentTree | `-- semver@5.0.3
81 silly currentTree +-- ajv-keywords@1.5.1
81 silly currentTree +-- ajv@4.11.3
81 silly currentTree +-- align-text@0.1.4
81 silly currentTree +-- alphanum-sort@1.0.2
81 silly currentTree +-- amdefine@1.0.1
81 silly currentTree +-- angular-cli@1.0.0-beta.28.3
81 silly currentTree +-- ansi-align@1.1.0
81 silly currentTree +-- ansi-escapes@1.4.0
81 silly currentTree +-- ansi-regex@2.1.1
81 silly currentTree +-- ansi-styles@2.2.1
81 silly currentTree +-- any-promise@1.3.0
81 silly currentTree +-- anymatch@1.3.0
81 silly currentTree +-- app-root-path@2.0.1
81 silly currentTree +-- aproba@1.1.1
81 silly currentTree +-- are-we-there-yet@1.1.2
81 silly currentTree +-- argparse@1.0.9
81 silly currentTree +-- arr-diff@2.0.0
81 silly currentTree +-- arr-flatten@1.0.1
81 silly currentTree +-- array-differ@1.0.0
81 silly currentTree +-- array-find-index@1.0.2
81 silly currentTree +-- array-flatten@1.1.1
81 silly currentTree +-- array-slice@0.2.3
81 silly currentTree +-- array-union@1.0.2
81 silly currentTree +-- array-uniq@1.0.3
81 silly currentTree +-- array-unique@0.2.1
81 silly currentTree +-- arraybuffer.slice@0.0.6
81 silly currentTree +-- arrify@1.0.1
81 silly currentTree +-- asap@2.0.5
81 silly currentTree +-- asn1.js@4.9.1
81 silly currentTree +-- asn1@0.2.3
81 silly currentTree +-- assert-plus@0.2.0
81 silly currentTree +-- assert@1.4.1
81 silly currentTree +-- async-each@1.0.1
81 silly currentTree +-- async-foreach@0.1.3
81 silly currentTree +-- async@2.1.4
81 silly currentTree +-- asynckit@0.4.0
81 silly currentTree +-- autoprefixer@6.7.3
81 silly currentTree +-- aws-sign2@0.6.0
81 silly currentTree +-- aws4@1.6.0
81 silly currentTree +-- babel-code-frame@6.22.0
81 silly currentTree +-- babel-runtime@6.23.0
81 silly currentTree +-- backo2@1.0.2
81 silly currentTree +-- balanced-match@0.4.2
81 silly currentTree +-- base64-arraybuffer@0.1.2
81 silly currentTree +-- base64-js@1.2.0
81 silly currentTree +-- base64id@0.1.0
81 silly currentTree +-- batch@0.5.3
81 silly currentTree +-- bcrypt-pbkdf@1.0.1
81 silly currentTree +-- beeper@1.1.1
81 silly currentTree +-- benchmark@1.0.0
81 silly currentTree +-- better-assert@1.0.2
81 silly currentTree +-- big.js@3.1.3
81 silly currentTree +-- binary-extensions@1.8.0
81 silly currentTree +-- blob@0.0.4
81 silly currentTree +-- block-stream@0.0.9
81 silly currentTree +-- bluebird@3.4.7
81 silly currentTree +-- bn.js@4.11.6
81 silly currentTree +-- body-parser@1.16.1
81 silly currentTree | +-- bytes@2.4.0
81 silly currentTree | `-- qs@6.2.1
81 silly currentTree +-- boolbase@1.0.0
81 silly currentTree +-- boom@2.10.1
81 silly currentTree +-- boxen@0.6.0
81 silly currentTree | `-- camelcase@2.1.1
81 silly currentTree +-- brace-expansion@1.1.6
81 silly currentTree +-- braces@1.8.5
81 silly currentTree +-- brorand@1.0.7
81 silly currentTree +-- browserify-aes@1.0.6
81 silly currentTree +-- browserify-cipher@1.0.0
81 silly currentTree +-- browserify-des@1.0.0
81 silly currentTree +-- browserify-rsa@4.0.1
81 silly currentTree +-- browserify-sign@4.0.0
81 silly currentTree +-- browserify-zlib@0.1.4
81 silly currentTree +-- browserslist@1.7.3
81 silly currentTree +-- buffer-shims@1.0.0
81 silly currentTree +-- buffer-xor@1.0.3
81 silly currentTree +-- buffer@4.9.1
81 silly currentTree +-- builtin-modules@1.1.1
81 silly currentTree +-- builtin-status-codes@3.0.0
81 silly currentTree +-- bytes@2.3.0
81 silly currentTree +-- callsite@1.0.0
81 silly currentTree +-- camel-case@3.0.0
81 silly currentTree +-- camelcase-keys@2.1.0
81 silly currentTree | `-- camelcase@2.1.1
81 silly currentTree +-- camelcase@1.2.1
81 silly currentTree +-- caniuse-api@1.5.3
81 silly currentTree +-- caniuse-db@1.0.30000624
81 silly currentTree +-- capture-stack-trace@1.0.0
81 silly currentTree +-- caseless@0.11.0
81 silly currentTree +-- center-align@0.1.3
81 silly currentTree +-- chalk@1.1.3
81 silly currentTree | `-- supports-color@2.0.0
81 silly currentTree +-- chokidar@1.6.1
81 silly currentTree +-- cipher-base@1.0.3
81 silly currentTree +-- clap@1.1.2
81 silly currentTree +-- clean-css@4.0.7
81 silly currentTree +-- cli-boxes@1.0.0
81 silly currentTree +-- cli-cursor@1.0.2
81 silly currentTree +-- cli-spinners@0.1.2
81 silly currentTree +-- cli-width@2.1.0
81 silly currentTree +-- cliui@2.1.0
81 silly currentTree +-- clone-stats@0.0.1
81 silly currentTree +-- clone@1.0.2
81 silly currentTree +-- co@4.6.0
81 silly currentTree +-- coa@1.0.1
81 silly currentTree +-- code-point-at@1.1.0
81 silly currentTree +-- codelyzer@2.0.0
81 silly currentTree +-- color-convert@1.9.0
81 silly currentTree +-- color-name@1.1.1
81 silly currentTree +-- color-string@0.3.0
81 silly currentTree +-- color@0.11.4
81 silly currentTree +-- colormin@1.1.2
81 silly currentTree +-- colors@1.1.2
81 silly currentTree +-- combine-lists@1.0.1
81 silly currentTree +-- combined-stream@1.0.5
81 silly currentTree +-- commander@2.1.0
81 silly currentTree +-- common-tags@1.4.0
81 silly currentTree +-- component-bind@1.0.0
81 silly currentTree +-- component-emitter@1.1.2
81 silly currentTree +-- component-inherit@0.0.3
81 silly currentTree +-- compressible@2.0.9
81 silly currentTree +-- compression@1.6.2
81 silly currentTree | +-- debug@2.2.0
81 silly currentTree | `-- ms@0.7.1
81 silly currentTree +-- concat-map@0.0.1
81 silly currentTree +-- configstore@2.1.0
81 silly currentTree | `-- uuid@2.0.3
81 silly currentTree +-- connect-history-api-fallback@1.3.0
81 silly currentTree +-- connect@3.5.1
81 silly currentTree | +-- debug@2.2.0
81 silly currentTree | `-- ms@0.7.1
81 silly currentTree +-- console-browserify@1.1.0
81 silly currentTree +-- console-control-strings@1.1.0
81 silly currentTree +-- constants-browserify@1.0.0
81 silly currentTree +-- content-disposition@0.5.2
81 silly currentTree +-- content-type@1.0.2
81 silly currentTree +-- cookie-signature@1.0.6
81 silly currentTree +-- cookie@0.3.1
81 silly currentTree +-- core-js@2.4.1
81 silly currentTree +-- core-util-is@1.0.2
81 silly currentTree +-- create-ecdh@4.0.0
81 silly currentTree +-- create-error-class@3.0.2
81 silly currentTree +-- create-hash@1.1.2
81 silly currentTree +-- create-hmac@1.1.4
81 silly currentTree +-- cross-spawn@3.0.1
81 silly currentTree +-- cryptiles@2.0.5
81 silly currentTree +-- crypto-browserify@3.11.0
81 silly currentTree +-- css-color-names@0.0.4
81 silly currentTree +-- css-loader@0.26.1
81 silly currentTree +-- css-parse@1.7.0
81 silly currentTree +-- css-select@1.2.0
81 silly currentTree +-- css-selector-tokenizer@0.7.0
81 silly currentTree +-- css-what@2.1.0
81 silly currentTree +-- cssauron@1.4.0
81 silly currentTree +-- cssesc@0.1.0
81 silly currentTree +-- cssnano@3.10.0
81 silly currentTree +-- csso@2.3.1
81 silly currentTree +-- currently-unhandled@0.4.1
81 silly currentTree +-- custom-event@1.0.1
81 silly currentTree +-- dashdash@1.14.1
81 silly currentTree | `-- assert-plus@1.0.0
81 silly currentTree +-- date-now@0.1.4
81 silly currentTree +-- dateformat@1.0.12
81 silly currentTree +-- debug@2.6.1
81 silly currentTree +-- decamelize@1.2.0
81 silly currentTree +-- deep-extend@0.4.1
81 silly currentTree +-- deep-is@0.1.3
81 silly currentTree +-- defined@1.0.0
81 silly currentTree +-- del@2.2.2
81 silly currentTree +-- delayed-stream@1.0.0
81 silly currentTree +-- delegates@1.0.0
81 silly currentTree +-- denodeify@1.2.1
81 silly currentTree +-- depd@1.1.0
81 silly currentTree +-- des.js@1.0.0
81 silly currentTree +-- destroy@1.0.4
81 silly currentTree +-- di@0.0.1
81 silly currentTree +-- diff@2.2.3
81 silly currentTree +-- diffie-hellman@5.0.2
81 silly currentTree +-- dom-converter@0.1.4
81 silly currentTree | `-- utila@0.3.3
81 silly currentTree +-- dom-serialize@2.2.1
81 silly currentTree +-- dom-serializer@0.1.0
81 silly currentTree | `-- domelementtype@1.1.3
81 silly currentTree +-- domain-browser@1.1.7
81 silly currentTree +-- domelementtype@1.3.0
81 silly currentTree +-- domhandler@2.1.0
81 silly currentTree +-- domutils@1.5.1
81 silly currentTree +-- dot-prop@3.0.0
81 silly currentTree +-- duplexer2@0.0.2
81 silly currentTree | +-- isarray@0.0.1
81 silly currentTree | `-- readable-stream@1.1.14
81 silly currentTree +-- ecc-jsbn@0.1.1
81 silly currentTree +-- ee-first@1.1.1
81 silly currentTree +-- electron-to-chromium@1.2.2
81 silly currentTree +-- elliptic@6.3.3
81 silly currentTree +-- ember-cli-normalize-entity-name@1.0.0
81 silly currentTree +-- ember-cli-string-utils@1.1.0
81 silly currentTree +-- emojis-list@2.1.0
81 silly currentTree +-- encodeurl@1.0.1
81 silly currentTree +-- engine.io-client@1.6.9
81 silly currentTree | +-- debug@2.2.0
81 silly currentTree | `-- ms@0.7.1
81 silly currentTree +-- engine.io-parser@1.2.4
81 silly currentTree | +-- has-binary@0.1.6
81 silly currentTree | `-- isarray@0.0.1
81 silly currentTree +-- engine.io@1.6.10
81 silly currentTree | +-- accepts@1.1.4
81 silly currentTree | +-- debug@2.2.0
81 silly currentTree | +-- mime-db@1.12.0
81 silly currentTree | +-- mime-types@2.0.14
81 silly currentTree | +-- ms@0.7.1
81 silly currentTree | `-- negotiator@0.4.9
81 silly currentTree +-- enhanced-resolve@3.1.0
81 silly currentTree +-- ensure-posix-path@1.0.2
81 silly currentTree +-- ent@2.2.0
81 silly currentTree +-- entities@1.1.1
81 silly currentTree +-- errno@0.1.4
81 silly currentTree +-- error-ex@1.3.0
81 silly currentTree +-- escape-html@1.0.3
81 silly currentTree +-- escape-string-regexp@1.0.5
81 silly currentTree +-- escodegen@1.8.1
81 silly currentTree | `-- source-map@0.2.0
81 silly currentTree +-- esprima@2.7.3
81 silly currentTree +-- estraverse@1.9.3
81 silly currentTree +-- esutils@2.0.2
81 silly currentTree +-- etag@1.7.0
81 silly currentTree +-- eventemitter3@1.2.0
81 silly currentTree +-- events@1.1.1
81 silly currentTree +-- eventsource@0.1.6
81 silly currentTree +-- evp_bytestokey@1.0.0
81 silly currentTree +-- exists-sync@0.0.3
81 silly currentTree +-- exit-hook@1.1.1
81 silly currentTree +-- exit@0.1.2
81 silly currentTree +-- expand-braces@0.1.2
81 silly currentTree | +-- braces@0.1.5
81 silly currentTree | +-- expand-range@0.1.1
81 silly currentTree | +-- is-number@0.1.1
81 silly currentTree | `-- repeat-string@0.2.2
81 silly currentTree +-- expand-brackets@0.1.5
81 silly currentTree +-- expand-range@1.8.2
81 silly currentTree +-- express@4.14.1
81 silly currentTree | +-- debug@2.2.0
81 silly currentTree | +-- ms@0.7.1
81 silly currentTree | `-- qs@6.2.0
81 silly currentTree +-- extend@3.0.0
81 silly currentTree +-- extglob@0.3.2
81 silly currentTree +-- extract-text-webpack-plugin@2.0.0-rc.3
81 silly currentTree +-- extsprintf@1.0.2
81 silly currentTree +-- fancy-log@1.3.0
81 silly currentTree +-- fast-levenshtein@2.0.6
81 silly currentTree +-- fastparse@1.1.1
81 silly currentTree +-- faye-websocket@0.10.0
81 silly currentTree +-- figures@1.7.0
81 silly currentTree +-- file-loader@0.8.5
81 silly currentTree +-- filename-regex@2.0.0
81 silly currentTree +-- fileset@0.2.1
81 silly currentTree | +-- glob@5.0.15
81 silly currentTree | `-- minimatch@2.0.10
81 silly currentTree +-- fill-range@2.2.3
81 silly currentTree +-- filled-array@1.1.0
81 silly currentTree +-- finalhandler@0.5.1
81 silly currentTree | +-- debug@2.2.0
81 silly currentTree | `-- ms@0.7.1
81 silly currentTree +-- find-up@1.1.2
81 silly currentTree +-- findup-sync@0.3.0
81 silly currentTree | `-- glob@5.0.15
81 silly currentTree +-- findup@0.1.5
81 silly currentTree | `-- colors@0.6.2
81 silly currentTree +-- flatten@1.0.2
81 silly currentTree +-- for-in@0.1.6
81 silly currentTree +-- for-own@0.1.4
81 silly currentTree +-- forever-agent@0.6.1
81 silly currentTree +-- form-data@2.1.2
81 silly currentTree +-- forwarded@0.1.0
81 silly currentTree +-- fresh@0.3.0
81 silly currentTree +-- fs-access@1.0.1
81 silly currentTree +-- fs-extra@0.30.0
81 silly currentTree +-- fs.realpath@1.0.0
81 silly currentTree +-- fstream@1.0.10
81 silly currentTree +-- function-bind@1.1.0
81 silly currentTree +-- gauge@2.7.3
81 silly currentTree +-- gaze@1.1.2
81 silly currentTree +-- generate-function@2.0.0
81 silly currentTree +-- generate-object-property@1.2.0
81 silly currentTree +-- get-caller-file@1.0.2
81 silly currentTree +-- get-stdin@4.0.1
81 silly currentTree +-- getpass@0.1.6
81 silly currentTree | `-- assert-plus@1.0.0
81 silly currentTree +-- glob-base@0.3.0
81 silly currentTree +-- glob-parent@2.0.0
81 silly currentTree +-- glob@7.1.1
81 silly currentTree +-- globby@5.0.0
81 silly currentTree +-- globule@1.1.0
81 silly currentTree | `-- lodash@4.16.6
81 silly currentTree +-- glogg@1.0.0
81 silly currentTree +-- got@5.7.1
81 silly currentTree | `-- duplexer2@0.1.4
81 silly currentTree +-- graceful-fs@4.1.11
81 silly currentTree +-- graceful-readlink@1.0.1
81 silly currentTree +-- gulp-util@3.0.7
81 silly currentTree | `-- object-assign@3.0.0
81 silly currentTree +-- gulplog@1.0.0
81 silly currentTree +-- handle-thing@1.2.5
81 silly currentTree +-- handlebars@4.0.6
81 silly currentTree | +-- async@1.5.2
81 silly currentTree | `-- source-map@0.4.4
81 silly currentTree +-- har-validator@2.0.6
81 silly currentTree | `-- commander@2.9.0
81 silly currentTree +-- has-ansi@2.0.0
81 silly currentTree +-- has-binary@0.1.7
81 silly currentTree | `-- isarray@0.0.1
81 silly currentTree +-- has-cors@1.1.0
81 silly currentTree +-- has-flag@1.0.0
81 silly currentTree +-- has-gulplog@0.1.0
81 silly currentTree +-- has-unicode@2.0.1
81 silly currentTree +-- has@1.0.1
81 silly currentTree +-- hash.js@1.0.3
81 silly currentTree +-- hawk@3.1.3
81 silly currentTree +-- he@1.1.1
81 silly currentTree +-- hoek@2.16.3
81 silly currentTree +-- hosted-git-info@2.2.0
81 silly currentTree +-- hpack.js@2.1.6
81 silly currentTree +-- html-comment-regex@1.1.1
81 silly currentTree +-- html-minifier@3.3.1
81 silly currentTree | `-- commander@2.9.0
81 silly currentTree +-- html-webpack-plugin@2.28.0
81 silly currentTree +-- htmlparser2@3.3.0
81 silly currentTree | +-- domutils@1.1.6
81 silly currentTree | +-- isarray@0.0.1
81 silly currentTree | `-- readable-stream@1.0.34
81 silly currentTree +-- http-deceiver@1.2.7
81 silly currentTree +-- http-errors@1.5.1
81 silly currentTree +-- http-proxy-middleware@0.17.3
81 silly currentTree | +-- is-extglob@2.1.1
81 silly currentTree | `-- is-glob@3.1.0
81 silly currentTree +-- http-proxy@1.16.2
81 silly currentTree +-- http-signature@1.1.1
81 silly currentTree +-- https-browserify@0.0.1
81 silly currentTree +-- https-proxy-agent@1.0.0
81 silly currentTree +-- iconv-lite@0.4.15
81 silly currentTree +-- icss-replace-symbols@1.0.2
81 silly currentTree +-- ieee754@1.1.8
81 silly currentTree +-- image-size@0.5.1
81 silly currentTree +-- imurmurhash@0.1.4
81 silly currentTree +-- in-publish@2.0.0
81 silly currentTree +-- indent-string@2.1.0
81 silly currentTree +-- indexes-of@1.0.1
81 silly currentTree +-- indexof@0.0.1
81 silly currentTree +-- inflection@1.12.0
81 silly currentTree +-- inflight@1.0.6
81 silly currentTree +-- inherits@2.0.3
81 silly currentTree +-- ini@1.3.4
81 silly currentTree +-- inquirer@0.12.0
81 silly currentTree +-- interpret@1.0.1
81 silly currentTree +-- invert-kv@1.0.0
81 silly currentTree +-- ipaddr.js@1.2.0
81 silly currentTree +-- is-absolute-url@2.1.0
81 silly currentTree +-- is-arrayish@0.2.1
81 silly currentTree +-- is-binary-path@1.0.1
81 silly currentTree +-- is-buffer@1.1.4
81 silly currentTree +-- is-builtin-module@1.0.0
81 silly currentTree +-- is-dotfile@1.0.2
81 silly currentTree +-- is-equal-shallow@0.1.3
81 silly currentTree +-- is-extendable@0.1.1
81 silly currentTree +-- is-extglob@1.0.0
81 silly currentTree +-- is-finite@1.0.2
81 silly currentTree +-- is-fullwidth-code-point@1.0.0
81 silly currentTree +-- is-glob@2.0.1
81 silly currentTree +-- is-my-json-valid@2.15.0
81 silly currentTree +-- is-npm@1.0.0
81 silly currentTree +-- is-number@2.1.0
81 silly currentTree +-- is-obj@1.0.1
81 silly currentTree +-- is-path-cwd@1.0.0
81 silly currentTree +-- is-path-in-cwd@1.0.0
81 silly currentTree +-- is-path-inside@1.0.0
81 silly currentTree +-- is-plain-obj@1.1.0
81 silly currentTree +-- is-posix-bracket@0.1.1
81 silly currentTree +-- is-primitive@2.0.0
81 silly currentTree +-- is-property@1.0.2
81 silly currentTree +-- is-redirect@1.0.0
81 silly currentTree +-- is-retry-allowed@1.1.0
81 silly currentTree +-- is-stream@1.1.0
81 silly currentTree +-- is-svg@2.1.0
81 silly currentTree +-- is-typedarray@1.0.0
81 silly currentTree +-- is-utf8@0.2.1
81 silly currentTree +-- isarray@1.0.0
81 silly currentTree +-- isbinaryfile@2.0.4
81 silly currentTree +-- isexe@1.1.2
81 silly currentTree +-- isobject@2.1.0
81 silly currentTree +-- isstream@0.1.2
81 silly currentTree +-- istanbul@0.4.3
81 silly currentTree | +-- abbrev@1.0.9
81 silly currentTree | +-- async@1.5.2
81 silly currentTree | +-- resolve@1.1.7
81 silly currentTree | `-- wordwrap@1.0.0
81 silly currentTree +-- jasmine-core@2.5.2
81 silly currentTree +-- jasmine-spec-reporter@2.5.0
81 silly currentTree +-- jasmine@2.4.1
81 silly currentTree | +-- glob@3.2.11
81 silly currentTree | +-- jasmine-core@2.4.1
81 silly currentTree | +-- lru-cache@2.7.3
81 silly currentTree | `-- minimatch@0.3.0
81 silly currentTree +-- jasminewd2@0.0.10
81 silly currentTree +-- jodid25519@1.0.2
81 silly currentTree +-- js-base64@2.1.9
81 silly currentTree +-- js-tokens@3.0.1
81 silly currentTree +-- js-yaml@3.7.0
81 silly currentTree +-- jsbn@0.1.1
81 silly currentTree +-- jsesc@0.5.0
81 silly currentTree +-- json-loader@0.5.4
81 silly currentTree +-- json-schema@0.2.3
81 silly currentTree +-- json-stable-stringify@1.0.1
81 silly currentTree +-- json-stringify-safe@5.0.1
81 silly currentTree +-- json3@3.3.2
81 silly currentTree +-- json5@0.5.1
81 silly currentTree +-- jsonfile@2.4.0
81 silly currentTree +-- jsonify@0.0.0
81 silly currentTree +-- jsonpointer@4.0.1
81 silly currentTree +-- jsprim@1.3.1
81 silly currentTree +-- karma-chrome-launcher@2.0.0
81 silly currentTree +-- karma-cli@1.0.1
81 silly currentTree +-- karma-jasmine@1.1.0
81 silly currentTree +-- karma-remap-istanbul@0.2.2
81 silly currentTree +-- karma-sourcemap-loader@0.3.7
81 silly currentTree +-- karma-webpack@1.8.1
81 silly currentTree | +-- async@0.9.2
81 silly currentTree | +-- lodash@3.10.1
81 silly currentTree | `-- source-map@0.1.43
81 silly currentTree +-- karma@1.2.0
81 silly currentTree | +-- isbinaryfile@3.0.2
81 silly currentTree | `-- lodash@3.10.1
81 silly currentTree +-- kind-of@3.1.0
81 silly currentTree +-- klaw@1.3.1
81 silly currentTree +-- latest-version@2.0.0
81 silly currentTree +-- lazy-cache@1.0.4
81 silly currentTree +-- lazy-req@1.1.0
81 silly currentTree +-- lcid@1.0.0
81 silly currentTree +-- less-loader@2.2.3
81 silly currentTree +-- less@2.7.2
81 silly currentTree +-- levn@0.3.0
81 silly currentTree +-- load-json-file@1.1.0
81 silly currentTree +-- loader-runner@2.3.0
81 silly currentTree +-- loader-utils@0.2.16
81 silly currentTree +-- lodash._basecopy@3.0.1
81 silly currentTree +-- lodash._basetostring@3.0.1
81 silly currentTree +-- lodash._basevalues@3.0.0
81 silly currentTree +-- lodash._getnative@3.9.1
81 silly currentTree +-- lodash._isiterateecall@3.0.9
81 silly currentTree +-- lodash._reescape@3.0.0
81 silly currentTree +-- lodash._reevaluate@3.0.0
81 silly currentTree +-- lodash._reinterpolate@3.0.0
81 silly currentTree +-- lodash._root@3.0.1
81 silly currentTree +-- lodash.assign@4.2.0
81 silly currentTree +-- lodash.camelcase@4.3.0
81 silly currentTree +-- lodash.clonedeep@4.5.0
81 silly currentTree +-- lodash.escape@3.2.0
81 silly currentTree +-- lodash.isarguments@3.1.0
81 silly currentTree +-- lodash.isarray@3.0.4
81 silly currentTree +-- lodash.keys@3.1.2
81 silly currentTree +-- lodash.memoize@4.1.2
81 silly currentTree +-- lodash.mergewith@4.6.0
81 silly currentTree +-- lodash.restparam@3.6.1
81 silly currentTree +-- lodash.template@3.6.2
81 silly currentTree +-- lodash.templatesettings@3.1.1
81 silly currentTree +-- lodash.uniq@4.5.0
81 silly currentTree +-- lodash@4.17.4
81 silly currentTree +-- log4js@0.6.38
81 silly currentTree | +-- isarray@0.0.1
81 silly currentTree | +-- readable-stream@1.0.34
81 silly currentTree | `-- semver@4.3.6
81 silly currentTree +-- longest@1.0.1
81 silly currentTree +-- loud-rejection@1.6.0
81 silly currentTree +-- lower-case@1.1.3
81 silly currentTree +-- lowercase-keys@1.0.0
81 silly currentTree +-- lru-cache@4.0.2
81 silly currentTree +-- macaddress@0.2.8
81 silly currentTree +-- magic-string@0.19.0
81 silly currentTree +-- make-error@1.2.1
81 silly currentTree +-- map-obj@1.0.1
81 silly currentTree +-- matcher-collection@1.0.4
81 silly currentTree +-- math-expression-evaluator@1.2.16
81 silly currentTree +-- media-typer@0.3.0
81 silly currentTree +-- memory-fs@0.4.1
81 silly currentTree +-- meow@3.7.0
81 silly currentTree +-- merge-descriptors@1.0.1
81 silly currentTree +-- methods@1.1.2
81 silly currentTree +-- micromatch@2.3.11
81 silly currentTree +-- miller-rabin@4.0.0
81 silly currentTree +-- mime-db@1.26.0
81 silly currentTree +-- mime-types@2.1.14
81 silly currentTree +-- mime@1.3.4
81 silly currentTree +-- minimalistic-assert@1.0.0
81 silly currentTree +-- minimatch@3.0.3
81 silly currentTree +-- minimist@1.2.0
81 silly currentTree +-- mkdirp@0.5.1
81 silly currentTree | `-- minimist@0.0.8
81 silly currentTree +-- ms@0.7.2
81 silly currentTree +-- multipipe@0.1.2
81 silly currentTree +-- mute-stream@0.0.5
81 silly currentTree +-- nan@2.5.1
81 silly currentTree +-- ncname@1.0.0
81 silly currentTree +-- negotiator@0.6.1
81 silly currentTree +-- no-case@2.3.1
81 silly currentTree +-- node-gyp@3.5.0
81 silly currentTree +-- node-libs-browser@2.0.0
81 silly currentTree +-- node-modules-path@1.0.1
81 silly currentTree +-- node-sass@4.5.0
81 silly currentTree +-- node-status-codes@1.0.0
81 silly currentTree +-- nopt@3.0.6
81 silly currentTree +-- normalize-package-data@2.3.5
81 silly currentTree +-- normalize-path@2.0.1
81 silly currentTree +-- normalize-range@0.1.2
81 silly currentTree +-- normalize-url@1.9.0
81 silly currentTree +-- npmlog@4.0.2
81 silly currentTree +-- nth-check@1.0.1
81 silly currentTree +-- null-check@1.0.0
81 silly currentTree +-- num2fraction@1.2.2
81 silly currentTree +-- number-is-nan@1.0.1
81 silly currentTree +-- oauth-sign@0.8.2
81 silly currentTree +-- object-assign@4.1.1
81 silly currentTree +-- object-component@0.0.3
81 silly currentTree +-- object.omit@2.0.1
81 silly currentTree +-- obuf@1.1.1
81 silly currentTree +-- on-finished@2.3.0
81 silly currentTree +-- on-headers@1.0.1
81 silly currentTree +-- once@1.4.0
81 silly currentTree +-- onetime@1.1.0
81 silly currentTree +-- opn@4.0.1
81 silly currentTree +-- optimist@0.6.1
81 silly currentTree | `-- minimist@0.0.10
81 silly currentTree +-- optionator@0.8.2
81 silly currentTree | `-- wordwrap@1.0.0
81 silly currentTree +-- options@0.0.6
81 silly currentTree +-- ora@0.2.3
81 silly currentTree +-- original@1.0.0
81 silly currentTree | `-- url-parse@1.0.5
81 silly currentTree +-- os-browserify@0.2.1
81 silly currentTree +-- os-homedir@1.0.2
81 silly currentTree +-- os-locale@1.4.0
81 silly currentTree +-- os-tmpdir@1.0.2
81 silly currentTree +-- osenv@0.1.4
81 silly currentTree +-- package-json@2.4.0
81 silly currentTree +-- pako@0.2.9
81 silly currentTree +-- param-case@2.1.0
81 silly currentTree +-- parse-asn1@5.0.0
81 silly currentTree +-- parse-glob@3.0.4
81 silly currentTree +-- parse-json@2.2.0
81 silly currentTree +-- parsejson@0.0.1
81 silly currentTree +-- parseqs@0.0.2
81 silly currentTree +-- parseuri@0.0.4
81 silly currentTree +-- parseurl@1.3.1
81 silly currentTree +-- path-browserify@0.0.0
81 silly currentTree +-- path-exists@2.1.0
81 silly currentTree +-- path-is-absolute@1.0.1
81 silly currentTree +-- path-is-inside@1.0.2
81 silly currentTree +-- path-to-regexp@0.1.7
81 silly currentTree +-- path-type@1.1.0
81 silly currentTree +-- pbkdf2@3.0.9
81 silly currentTree +-- pify@2.3.0
81 silly currentTree +-- pinkie-promise@2.0.1
81 silly currentTree +-- pinkie@2.0.4
81 silly currentTree +-- portfinder@1.0.9
81 silly currentTree | `-- async@1.5.2
81 silly currentTree +-- postcss-calc@5.3.1
81 silly currentTree +-- postcss-colormin@2.2.2
81 silly currentTree +-- postcss-convert-values@2.6.1
81 silly currentTree +-- postcss-discard-comments@2.0.4
81 silly currentTree +-- postcss-discard-duplicates@2.0.2
81 silly currentTree +-- postcss-discard-empty@2.1.0
81 silly currentTree +-- postcss-discard-overridden@0.1.1
81 silly currentTree +-- postcss-discard-unused@2.2.3
81 silly currentTree +-- postcss-filter-plugins@2.0.2
81 silly currentTree +-- postcss-loader@0.9.1
81 silly currentTree +-- postcss-merge-idents@2.1.7
81 silly currentTree +-- postcss-merge-longhand@2.0.2
81 silly currentTree +-- postcss-merge-rules@2.1.1
81 silly currentTree +-- postcss-message-helpers@2.0.0
81 silly currentTree +-- postcss-minify-font-values@1.0.5
81 silly currentTree +-- postcss-minify-gradients@1.0.5
81 silly currentTree +-- postcss-minify-params@1.2.2
81 silly currentTree +-- postcss-minify-selectors@2.1.1
81 silly currentTree +-- postcss-modules-extract-imports@1.0.1
81 silly currentTree +-- postcss-modules-local-by-default@1.1.1
81 silly currentTree | `-- css-selector-tokenizer@0.6.0
81 silly currentTree +-- postcss-modules-scope@1.0.2
81 silly currentTree | `-- css-selector-tokenizer@0.6.0
81 silly currentTree +-- postcss-modules-values@1.2.2
81 silly currentTree +-- postcss-normalize-charset@1.1.1
81 silly currentTree +-- postcss-normalize-url@3.0.8
81 silly currentTree +-- postcss-ordered-values@2.2.3
81 silly currentTree +-- postcss-reduce-idents@2.4.0
81 silly currentTree +-- postcss-reduce-initial@1.0.1
81 silly currentTree +-- postcss-reduce-transforms@1.0.4
81 silly currentTree +-- postcss-selector-parser@2.2.2
81 silly currentTree +-- postcss-svgo@2.1.6
81 silly currentTree +-- postcss-unique-selectors@2.0.2
81 silly currentTree +-- postcss-value-parser@3.3.0
81 silly currentTree +-- postcss-zindex@2.2.0
81 silly currentTree +-- postcss@5.2.13
81 silly currentTree +-- prelude-ls@1.1.2
81 silly currentTree +-- prepend-http@1.0.4
81 silly currentTree +-- preserve@0.2.0
81 silly currentTree +-- pretty-error@2.0.2
81 silly currentTree +-- process-nextick-args@1.0.7
81 silly currentTree +-- process@0.11.9
81 silly currentTree +-- promise@7.1.1
81 silly currentTree +-- protractor@4.0.14
81 silly currentTree | `-- webdriver-manager@10.3.0
81 silly currentTree +-- proxy-addr@1.1.3
81 silly currentTree +-- prr@0.0.0
81 silly currentTree +-- pseudomap@1.0.2
81 silly currentTree +-- public-encrypt@4.0.0
81 silly currentTree +-- punycode@1.4.1
81 silly currentTree +-- q@1.4.1
81 silly currentTree +-- qjobs@1.1.5
81 silly currentTree +-- qs@6.3.1
81 silly currentTree +-- query-string@4.3.2
81 silly currentTree +-- querystring-es3@0.2.1
81 silly currentTree +-- querystring@0.2.0
81 silly currentTree +-- querystringify@0.0.4
81 silly currentTree +-- randomatic@1.1.6
81 silly currentTree +-- randombytes@2.0.3
81 silly currentTree +-- range-parser@1.2.0
81 silly currentTree +-- raw-body@2.2.0
81 silly currentTree | `-- bytes@2.4.0
81 silly currentTree +-- raw-loader@0.5.1
81 silly currentTree +-- rc@1.1.6
81 silly currentTree | `-- strip-json-comments@1.0.4
81 silly currentTree +-- read-all-stream@3.1.0
81 silly currentTree +-- read-pkg-up@1.0.1
81 silly currentTree +-- read-pkg@1.1.0
81 silly currentTree +-- readable-stream@2.2.2
81 silly currentTree +-- readdirp@2.1.0
81 silly currentTree +-- readline2@1.0.1
81 silly currentTree +-- redent@1.0.0
81 silly currentTree +-- reduce-css-calc@1.3.0
81 silly currentTree +-- reduce-function-call@1.0.2
81 silly currentTree +-- reflect-metadata@0.1.9
81 silly currentTree +-- regenerate@1.3.2
81 silly currentTree +-- regenerator-runtime@0.10.1
81 silly currentTree +-- regex-cache@0.4.3
81 silly currentTree +-- regexpu-core@1.0.0
81 silly currentTree +-- registry-auth-token@3.1.0
81 silly currentTree +-- registry-url@3.1.0
81 silly currentTree +-- regjsgen@0.2.0
81 silly currentTree +-- regjsparser@0.1.5
81 silly currentTree +-- relateurl@0.2.7
81 silly currentTree +-- remap-istanbul@0.6.4
81 silly currentTree | `-- amdefine@1.0.0
81 silly currentTree +-- renderkid@2.0.0
81 silly currentTree | `-- utila@0.3.3
81 silly currentTree +-- repeat-element@1.1.2
81 silly currentTree +-- repeat-string@1.6.1
81 silly currentTree +-- repeating@2.0.1
81 silly currentTree +-- replace-ext@0.0.1
81 silly currentTree +-- request@2.79.0
81 silly currentTree +-- require-directory@2.1.1
81 silly currentTree +-- require-main-filename@1.0.1
81 silly currentTree +-- requires-port@1.0.0
81 silly currentTree +-- resolve@1.2.0
81 silly currentTree +-- restore-cursor@1.0.1
81 silly currentTree +-- right-align@0.1.3
81 silly currentTree +-- rimraf@2.5.4
81 silly currentTree +-- ripemd160@1.0.1
81 silly currentTree +-- rsvp@3.3.3
81 silly currentTree +-- run-async@0.1.0
81 silly currentTree +-- rx-lite@3.1.2
81 silly currentTree +-- rxjs@5.1.1
81 silly currentTree +-- sass-graph@2.1.2
81 silly currentTree | +-- cliui@3.2.0
81 silly currentTree | +-- window-size@0.2.0
81 silly currentTree | `-- yargs@4.8.1
81 silly currentTree +-- sass-loader@4.1.1
81 silly currentTree +-- saucelabs@1.3.0
81 silly currentTree +-- sax@1.2.2
81 silly currentTree +-- script-loader@0.7.0
81 silly currentTree +-- select-hose@2.0.0
81 silly currentTree +-- selenium-webdriver@2.53.3
81 silly currentTree | +-- adm-zip@0.4.4
81 silly currentTree | `-- tmp@0.0.24
81 silly currentTree +-- semver-diff@2.1.0
81 silly currentTree +-- semver@5.3.0
81 silly currentTree +-- send@0.14.2
81 silly currentTree | `-- debug@2.2.0
81 silly currentTree |   `-- ms@0.7.1
81 silly currentTree +-- serve-index@1.8.0
81 silly currentTree | +-- debug@2.2.0
81 silly currentTree | `-- ms@0.7.1
81 silly currentTree +-- serve-static@1.11.2
81 silly currentTree +-- set-blocking@2.0.0
81 silly currentTree +-- set-immediate-shim@1.0.1
81 silly currentTree +-- setimmediate@1.0.5
81 silly currentTree +-- setprototypeof@1.0.2
81 silly currentTree +-- sha.js@2.4.8
81 silly currentTree +-- sigmund@1.0.1
81 silly currentTree +-- signal-exit@3.0.2
81 silly currentTree +-- silent-error@1.0.1
81 silly currentTree +-- slide@1.1.6
81 silly currentTree +-- sntp@1.0.9
81 silly currentTree +-- socket.io-adapter@0.4.0
81 silly currentTree | +-- debug@2.2.0
81 silly currentTree | +-- isarray@0.0.1
81 silly currentTree | +-- json3@3.2.6
81 silly currentTree | +-- ms@0.7.1
81 silly currentTree | `-- socket.io-parser@2.2.2
81 silly currentTree |   `-- debug@0.7.4
81 silly currentTree +-- socket.io-client@1.4.6
81 silly currentTree | +-- component-emitter@1.2.0
81 silly currentTree | +-- debug@2.2.0
81 silly currentTree | `-- ms@0.7.1
81 silly currentTree +-- socket.io-parser@2.2.6
81 silly currentTree | +-- debug@2.2.0
81 silly currentTree | +-- isarray@0.0.1
81 silly currentTree | `-- ms@0.7.1
81 silly currentTree +-- socket.io@1.4.7
81 silly currentTree | +-- debug@2.2.0
81 silly currentTree | `-- ms@0.7.1
81 silly currentTree +-- sockjs-client@1.1.1
81 silly currentTree | `-- faye-websocket@0.11.1
81 silly currentTree +-- sockjs@0.3.18
81 silly currentTree | `-- uuid@2.0.3
81 silly currentTree +-- sort-keys@1.1.2
81 silly currentTree +-- source-list-map@0.1.8
81 silly currentTree +-- source-map-loader@0.1.6
81 silly currentTree | +-- async@0.9.2
81 silly currentTree | `-- source-map@0.1.43
81 silly currentTree +-- source-map-support@0.4.11
81 silly currentTree +-- source-map@0.5.6
81 silly currentTree +-- sourcemap-istanbul-instrumenter-loader@0.2.0
81 silly currentTree +-- sparkles@1.0.0
81 silly currentTree +-- spdx-correct@1.0.2
81 silly currentTree +-- spdx-expression-parse@1.0.4
81 silly currentTree +-- spdx-license-ids@1.2.2
81 silly currentTree +-- spdy-transport@2.0.18
81 silly currentTree +-- spdy@3.4.4
81 silly currentTree +-- sprintf-js@1.0.3
81 silly currentTree +-- sshpk@1.10.2
81 silly currentTree | `-- assert-plus@1.0.0
81 silly currentTree +-- statuses@1.3.1
81 silly currentTree +-- stdout-stream@1.4.0
81 silly currentTree +-- stream-browserify@2.0.1
81 silly currentTree +-- stream-http@2.6.3
81 silly currentTree +-- strict-uri-encode@1.1.0
81 silly currentTree +-- string_decoder@0.10.31
81 silly currentTree +-- string-width@1.0.2
81 silly currentTree +-- stringstream@0.0.5
81 silly currentTree +-- strip-ansi@3.0.1
81 silly currentTree +-- strip-bom@2.0.0
81 silly currentTree +-- strip-indent@1.0.1
81 silly currentTree +-- strip-json-comments@2.0.1
81 silly currentTree +-- style-loader@0.13.1
81 silly currentTree +-- stylus-loader@2.4.0
81 silly currentTree +-- stylus@0.54.5
81 silly currentTree | +-- glob@7.0.6
81 silly currentTree | +-- sax@0.5.8
81 silly currentTree | `-- source-map@0.1.43
81 silly currentTree +-- supports-color@3.2.3
81 silly currentTree +-- svgo@0.7.2
81 silly currentTree +-- symbol-observable@1.0.4
81 silly currentTree +-- tapable@0.2.6
81 silly currentTree +-- tar@2.2.1
81 silly currentTree +-- temp@0.8.3
81 silly currentTree | `-- rimraf@2.2.8
81 silly currentTree +-- through@2.3.8
81 silly currentTree +-- through2@2.0.1
81 silly currentTree | `-- readable-stream@2.0.6
81 silly currentTree +-- time-stamp@1.0.1
81 silly currentTree +-- timed-out@3.1.3
81 silly currentTree +-- timers-browserify@2.0.2
81 silly currentTree +-- tmp@0.0.28
81 silly currentTree +-- to-array@0.1.4
81 silly currentTree +-- to-arraybuffer@1.0.1
81 silly currentTree +-- toposort@1.0.3
81 silly currentTree +-- tough-cookie@2.3.2
81 silly currentTree +-- trim-newlines@1.0.0
81 silly currentTree +-- ts-helpers@1.1.2
81 silly currentTree +-- ts-node@1.2.1
81 silly currentTree +-- tsconfig@5.0.3
81 silly currentTree +-- tsickle@0.2.6
81 silly currentTree +-- tslint@4.4.2
81 silly currentTree | `-- diff@3.2.0
81 silly currentTree +-- tty-browserify@0.0.0
81 silly currentTree +-- tunnel-agent@0.4.3
81 silly currentTree +-- tweetnacl@0.14.5
81 silly currentTree +-- type-check@0.3.2
81 silly currentTree +-- type-is@1.6.14
81 silly currentTree +-- typescript@2.0.10
81 silly currentTree +-- uglify-js@2.7.5
81 silly currentTree | `-- async@0.2.10
81 silly currentTree +-- uglify-to-browserify@1.0.2
81 silly currentTree +-- ultron@1.0.2
81 silly currentTree +-- uniq@1.0.1
81 silly currentTree +-- uniqid@4.1.1
81 silly currentTree +-- uniqs@2.0.0
81 silly currentTree +-- unpipe@1.0.0
81 silly currentTree +-- unzip-response@1.0.2
81 silly currentTree +-- update-notifier@1.0.3
81 silly currentTree +-- upper-case@1.1.3
81 silly currentTree +-- url-loader@0.5.7
81 silly currentTree | `-- mime@1.2.11
81 silly currentTree +-- url-parse-lax@1.0.0
81 silly currentTree +-- url-parse@1.1.7
81 silly currentTree +-- url@0.11.0
81 silly currentTree | `-- punycode@1.3.2
81 silly currentTree +-- useragent@2.1.12
81 silly currentTree | `-- lru-cache@2.2.4
81 silly currentTree +-- utf8@2.1.0
81 silly currentTree +-- util-deprecate@1.0.2
81 silly currentTree +-- util@0.10.3
81 silly currentTree | `-- inherits@2.0.1
81 silly currentTree +-- utila@0.4.0
81 silly currentTree +-- utils-merge@1.0.0
81 silly currentTree +-- uuid@3.0.1
81 silly currentTree +-- validate-npm-package-license@3.0.1
81 silly currentTree +-- vary@1.1.0
81 silly currentTree +-- vendors@1.0.1
81 silly currentTree +-- verror@1.3.6
81 silly currentTree +-- vinyl@0.5.3
81 silly currentTree +-- vlq@0.2.1
81 silly currentTree +-- vm-browserify@0.0.4
81 silly currentTree +-- void-elements@2.0.1
81 silly currentTree +-- walk-sync@0.2.7
81 silly currentTree +-- watchpack@1.2.1
81 silly currentTree +-- wbuf@1.7.2
81 silly currentTree +-- webpack-dev-middleware@1.10.0
81 silly currentTree +-- webpack-dev-server@2.2.0-rc.0
81 silly currentTree | +-- camelcase@3.0.0
81 silly currentTree | +-- cliui@3.2.0
81 silly currentTree | +-- opn@4.0.2
81 silly currentTree | +-- yargs-parser@4.2.1
81 silly currentTree | `-- yargs@6.6.0
81 silly currentTree +-- webpack-merge@2.6.1
81 silly currentTree +-- webpack-sources@0.1.4
81 silly currentTree +-- webpack@2.2.0
81 silly currentTree | +-- camelcase@3.0.0
81 silly currentTree | +-- cliui@3.2.0
81 silly currentTree | +-- yargs-parser@4.2.1
81 silly currentTree | `-- yargs@6.6.0
81 silly currentTree +-- websocket-driver@0.6.5
81 silly currentTree +-- websocket-extensions@0.1.1
81 silly currentTree +-- when@3.6.4
81 silly currentTree +-- whet.extend@0.9.9
81 silly currentTree +-- which-module@1.0.0
81 silly currentTree +-- which@1.2.12
81 silly currentTree +-- wide-align@1.1.0
81 silly currentTree +-- widest-line@1.0.0
81 silly currentTree +-- window-size@0.1.0
81 silly currentTree +-- wordwrap@0.0.2
81 silly currentTree +-- wrap-ansi@2.1.0
81 silly currentTree +-- wrappy@1.0.2
81 silly currentTree +-- write-file-atomic@1.3.1
81 silly currentTree +-- ws@1.0.1
81 silly currentTree +-- xdg-basedir@2.0.0
81 silly currentTree +-- xml-char-classes@1.0.0
81 silly currentTree +-- xml2js@0.4.4
81 silly currentTree | `-- sax@0.6.1
81 silly currentTree +-- xmlbuilder@8.2.2
81 silly currentTree +-- xmlhttprequest-ssl@1.5.1
81 silly currentTree +-- xtend@4.0.1
81 silly currentTree +-- y18n@3.2.1
81 silly currentTree +-- yallist@2.0.0
81 silly currentTree +-- yargs-parser@2.4.1
81 silly currentTree | `-- camelcase@3.0.0
81 silly currentTree +-- yargs@3.10.0
81 silly currentTree +-- yeast@0.1.2
81 silly currentTree `-- zone.js@0.7.7
82 silly idealTree sidemenus@0.0.0
82 silly idealTree +-- @angular-cli/ast-tools@1.0.16
82 silly idealTree | +-- denodeify@1.2.1
82 silly idealTree | +-- minimist@1.2.0
82 silly idealTree | +-- mkdirp@0.5.1
82 silly idealTree | | `-- minimist@0.0.8
82 silly idealTree | +-- rxjs@5.1.0
82 silly idealTree | +-- source-map-support@0.4.11
82 silly idealTree | +-- source-map@0.5.6
82 silly idealTree | +-- symbol-observable@1.0.4
82 silly idealTree | +-- tsickle@0.2.5
82 silly idealTree | `-- typescript@2.0.10
82 silly idealTree +-- @angular-cli/base-href-webpack@1.0.16
82 silly idealTree +-- @angular/common@2.4.7
82 silly idealTree +-- @angular/compiler-cli@2.4.7
82 silly idealTree +-- @angular/compiler@2.4.7
82 silly idealTree +-- @angular/core@2.4.7
82 silly idealTree +-- @angular/forms@2.4.7
82 silly idealTree +-- @angular/http@2.4.7
82 silly idealTree +-- @angular/platform-browser-dynamic@2.4.7
82 silly idealTree +-- @angular/platform-browser@2.4.7
82 silly idealTree +-- @angular/router@3.4.7
82 silly idealTree +-- @angular/tsc-wrapped@0.5.2
82 silly idealTree +-- @ngtools/json-schema@1.0.4
82 silly idealTree +-- @ngtools/webpack@1.2.10
82 silly idealTree +-- @types/jasmine@2.5.38
82 silly idealTree +-- @types/node@6.0.63
82 silly idealTree +-- @types/q@0.0.32
82 silly idealTree +-- @types/selenium-webdriver@2.53.37
82 silly idealTree +-- abbrev@1.1.0
82 silly idealTree +-- accepts@1.3.3
82 silly idealTree +-- acorn-dynamic-import@2.0.1
82 silly idealTree +-- acorn@4.0.11
82 silly idealTree +-- adm-zip@0.4.7
82 silly idealTree +-- after@0.8.1
82 silly idealTree +-- agent-base@2.0.1
82 silly idealTree | `-- semver@5.0.3
82 silly idealTree +-- ajv-keywords@1.5.1
82 silly idealTree +-- ajv@4.11.3
82 silly idealTree +-- align-text@0.1.4
82 silly idealTree +-- alphanum-sort@1.0.2
82 silly idealTree +-- amdefine@1.0.1
82 silly idealTree +-- angular-cli@1.0.0-beta.28.3
82 silly idealTree +-- ansi-align@1.1.0
82 silly idealTree +-- ansi-escapes@1.4.0
82 silly idealTree +-- ansi-regex@2.1.1
82 silly idealTree +-- ansi-styles@2.2.1
82 silly idealTree +-- any-promise@1.3.0
82 silly idealTree +-- anymatch@1.3.0
82 silly idealTree +-- app-root-path@2.0.1
82 silly idealTree +-- aproba@1.1.1
82 silly idealTree +-- are-we-there-yet@1.1.2
82 silly idealTree +-- argparse@1.0.9
82 silly idealTree +-- arr-diff@2.0.0
82 silly idealTree +-- arr-flatten@1.0.1
82 silly idealTree +-- array-differ@1.0.0
82 silly idealTree +-- array-find-index@1.0.2
82 silly idealTree +-- array-flatten@1.1.1
82 silly idealTree +-- array-slice@0.2.3
82 silly idealTree +-- array-union@1.0.2
82 silly idealTree +-- array-uniq@1.0.3
82 silly idealTree +-- array-unique@0.2.1
82 silly idealTree +-- arraybuffer.slice@0.0.6
82 silly idealTree +-- arrify@1.0.1
82 silly idealTree +-- asap@2.0.5
82 silly idealTree +-- asn1.js@4.9.1
82 silly idealTree +-- asn1@0.2.3
82 silly idealTree +-- assert-plus@0.2.0
82 silly idealTree +-- assert@1.4.1
82 silly idealTree +-- async-each@1.0.1
82 silly idealTree +-- async-foreach@0.1.3
82 silly idealTree +-- async@2.1.4
82 silly idealTree +-- asynckit@0.4.0
82 silly idealTree +-- autoprefixer@6.7.3
82 silly idealTree +-- aws-sign2@0.6.0
82 silly idealTree +-- aws4@1.6.0
82 silly idealTree +-- babel-code-frame@6.22.0
82 silly idealTree +-- babel-runtime@6.23.0
82 silly idealTree +-- backo2@1.0.2
82 silly idealTree +-- balanced-match@0.4.2
82 silly idealTree +-- base64-arraybuffer@0.1.2
82 silly idealTree +-- base64-js@1.2.0
82 silly idealTree +-- base64id@0.1.0
82 silly idealTree +-- batch@0.5.3
82 silly idealTree +-- bcrypt-pbkdf@1.0.1
82 silly idealTree +-- beeper@1.1.1
82 silly idealTree +-- benchmark@1.0.0
82 silly idealTree +-- better-assert@1.0.2
82 silly idealTree +-- big.js@3.1.3
82 silly idealTree +-- binary-extensions@1.8.0
82 silly idealTree +-- blob@0.0.4
82 silly idealTree +-- block-stream@0.0.9
82 silly idealTree +-- bluebird@3.4.7
82 silly idealTree +-- bn.js@4.11.6
82 silly idealTree +-- body-parser@1.16.1
82 silly idealTree | +-- bytes@2.4.0
82 silly idealTree | `-- qs@6.2.1
82 silly idealTree +-- boolbase@1.0.0
82 silly idealTree +-- boom@2.10.1
82 silly idealTree +-- boxen@0.6.0
82 silly idealTree | `-- camelcase@2.1.1
82 silly idealTree +-- brace-expansion@1.1.6
82 silly idealTree +-- braces@1.8.5
82 silly idealTree +-- brorand@1.0.7
82 silly idealTree +-- browserify-aes@1.0.6
82 silly idealTree +-- browserify-cipher@1.0.0
82 silly idealTree +-- browserify-des@1.0.0
82 silly idealTree +-- browserify-rsa@4.0.1
82 silly idealTree +-- browserify-sign@4.0.0
82 silly idealTree +-- browserify-zlib@0.1.4
82 silly idealTree +-- browserslist@1.7.3
82 silly idealTree +-- buffer-shims@1.0.0
82 silly idealTree +-- buffer-xor@1.0.3
82 silly idealTree +-- buffer@4.9.1
82 silly idealTree +-- builtin-modules@1.1.1
82 silly idealTree +-- builtin-status-codes@3.0.0
82 silly idealTree +-- bytes@2.3.0
82 silly idealTree +-- callsite@1.0.0
82 silly idealTree +-- camel-case@3.0.0
82 silly idealTree +-- camelcase-keys@2.1.0
82 silly idealTree | `-- camelcase@2.1.1
82 silly idealTree +-- camelcase@1.2.1
82 silly idealTree +-- caniuse-api@1.5.3
82 silly idealTree +-- caniuse-db@1.0.30000624
82 silly idealTree +-- capture-stack-trace@1.0.0
82 silly idealTree +-- caseless@0.11.0
82 silly idealTree +-- center-align@0.1.3
82 silly idealTree +-- chalk@1.1.3
82 silly idealTree | `-- supports-color@2.0.0
82 silly idealTree +-- chokidar@1.6.1
82 silly idealTree +-- cipher-base@1.0.3
82 silly idealTree +-- clap@1.1.2
82 silly idealTree +-- clean-css@4.0.7
82 silly idealTree +-- cli-boxes@1.0.0
82 silly idealTree +-- cli-cursor@1.0.2
82 silly idealTree +-- cli-spinners@0.1.2
82 silly idealTree +-- cli-width@2.1.0
82 silly idealTree +-- cliui@2.1.0
82 silly idealTree +-- clone-stats@0.0.1
82 silly idealTree +-- clone@1.0.2
82 silly idealTree +-- co@4.6.0
82 silly idealTree +-- coa@1.0.1
82 silly idealTree +-- code-point-at@1.1.0
82 silly idealTree +-- codelyzer@2.0.0
82 silly idealTree +-- color-convert@1.9.0
82 silly idealTree +-- color-name@1.1.1
82 silly idealTree +-- color-string@0.3.0
82 silly idealTree +-- color@0.11.4
82 silly idealTree +-- colormin@1.1.2
82 silly idealTree +-- colors@1.1.2
82 silly idealTree +-- combine-lists@1.0.1
82 silly idealTree +-- combined-stream@1.0.5
82 silly idealTree +-- commander@2.1.0
82 silly idealTree +-- common-tags@1.4.0
82 silly idealTree +-- component-bind@1.0.0
82 silly idealTree +-- component-emitter@1.1.2
82 silly idealTree +-- component-inherit@0.0.3
82 silly idealTree +-- compressible@2.0.9
82 silly idealTree +-- compression@1.6.2
82 silly idealTree | +-- debug@2.2.0
82 silly idealTree | `-- ms@0.7.1
82 silly idealTree +-- concat-map@0.0.1
82 silly idealTree +-- configstore@2.1.0
82 silly idealTree | `-- uuid@2.0.3
82 silly idealTree +-- connect-history-api-fallback@1.3.0
82 silly idealTree +-- connect@3.5.1
82 silly idealTree | +-- debug@2.2.0
82 silly idealTree | `-- ms@0.7.1
82 silly idealTree +-- console-browserify@1.1.0
82 silly idealTree +-- console-control-strings@1.1.0
82 silly idealTree +-- constants-browserify@1.0.0
82 silly idealTree +-- content-disposition@0.5.2
82 silly idealTree +-- content-type@1.0.2
82 silly idealTree +-- cookie-signature@1.0.6
82 silly idealTree +-- cookie@0.3.1
82 silly idealTree +-- core-js@2.4.1
82 silly idealTree +-- core-util-is@1.0.2
82 silly idealTree +-- create-ecdh@4.0.0
82 silly idealTree +-- create-error-class@3.0.2
82 silly idealTree +-- create-hash@1.1.2
82 silly idealTree +-- create-hmac@1.1.4
82 silly idealTree +-- cross-spawn@3.0.1
82 silly idealTree +-- cryptiles@2.0.5
82 silly idealTree +-- crypto-browserify@3.11.0
82 silly idealTree +-- css-color-names@0.0.4
82 silly idealTree +-- css-loader@0.26.1
82 silly idealTree +-- css-parse@1.7.0
82 silly idealTree +-- css-select@1.2.0
82 silly idealTree +-- css-selector-tokenizer@0.7.0
82 silly idealTree +-- css-what@2.1.0
82 silly idealTree +-- cssauron@1.4.0
82 silly idealTree +-- cssesc@0.1.0
82 silly idealTree +-- cssnano@3.10.0
82 silly idealTree +-- csso@2.3.1
82 silly idealTree +-- currently-unhandled@0.4.1
82 silly idealTree +-- custom-event@1.0.1
82 silly idealTree +-- dashdash@1.14.1
82 silly idealTree | `-- assert-plus@1.0.0
82 silly idealTree +-- date-now@0.1.4
82 silly idealTree +-- dateformat@1.0.12
82 silly idealTree +-- debug@2.6.1
82 silly idealTree +-- decamelize@1.2.0
82 silly idealTree +-- deep-extend@0.4.1
82 silly idealTree +-- deep-is@0.1.3
82 silly idealTree +-- defined@1.0.0
82 silly idealTree +-- del@2.2.2
82 silly idealTree +-- delayed-stream@1.0.0
82 silly idealTree +-- delegates@1.0.0
82 silly idealTree +-- denodeify@1.2.1
82 silly idealTree +-- depd@1.1.0
82 silly idealTree +-- des.js@1.0.0
82 silly idealTree +-- destroy@1.0.4
82 silly idealTree +-- di@0.0.1
82 silly idealTree +-- diff@2.2.3
82 silly idealTree +-- diffie-hellman@5.0.2
82 silly idealTree +-- dom-converter@0.1.4
82 silly idealTree | `-- utila@0.3.3
82 silly idealTree +-- dom-serialize@2.2.1
82 silly idealTree +-- dom-serializer@0.1.0
82 silly idealTree | `-- domelementtype@1.1.3
82 silly idealTree +-- domain-browser@1.1.7
82 silly idealTree +-- domelementtype@1.3.0
82 silly idealTree +-- domhandler@2.1.0
82 silly idealTree +-- domutils@1.5.1
82 silly idealTree +-- dot-prop@3.0.0
82 silly idealTree +-- duplexer2@0.0.2
82 silly idealTree | +-- isarray@0.0.1
82 silly idealTree | `-- readable-stream@1.1.14
82 silly idealTree +-- ecc-jsbn@0.1.1
82 silly idealTree +-- ee-first@1.1.1
82 silly idealTree +-- electron-to-chromium@1.2.2
82 silly idealTree +-- elliptic@6.3.3
82 silly idealTree +-- ember-cli-normalize-entity-name@1.0.0
82 silly idealTree +-- ember-cli-string-utils@1.1.0
82 silly idealTree +-- emojis-list@2.1.0
82 silly idealTree +-- encodeurl@1.0.1
82 silly idealTree +-- engine.io-client@1.6.9
82 silly idealTree | +-- debug@2.2.0
82 silly idealTree | `-- ms@0.7.1
82 silly idealTree +-- engine.io-parser@1.2.4
82 silly idealTree | +-- has-binary@0.1.6
82 silly idealTree | `-- isarray@0.0.1
82 silly idealTree +-- engine.io@1.6.10
82 silly idealTree | +-- accepts@1.1.4
82 silly idealTree | +-- debug@2.2.0
82 silly idealTree | +-- mime-db@1.12.0
82 silly idealTree | +-- mime-types@2.0.14
82 silly idealTree | +-- ms@0.7.1
82 silly idealTree | `-- negotiator@0.4.9
82 silly idealTree +-- enhanced-resolve@3.1.0
82 silly idealTree +-- ensure-posix-path@1.0.2
82 silly idealTree +-- ent@2.2.0
82 silly idealTree +-- entities@1.1.1
82 silly idealTree +-- errno@0.1.4
82 silly idealTree +-- error-ex@1.3.0
82 silly idealTree +-- escape-html@1.0.3
82 silly idealTree +-- escape-string-regexp@1.0.5
82 silly idealTree +-- escodegen@1.8.1
82 silly idealTree | `-- source-map@0.2.0
82 silly idealTree +-- esprima@2.7.3
82 silly idealTree +-- estraverse@1.9.3
82 silly idealTree +-- esutils@2.0.2
82 silly idealTree +-- etag@1.7.0
82 silly idealTree +-- eventemitter3@1.2.0
82 silly idealTree +-- events@1.1.1
82 silly idealTree +-- eventsource@0.1.6
82 silly idealTree +-- evp_bytestokey@1.0.0
82 silly idealTree +-- exists-sync@0.0.3
82 silly idealTree +-- exit-hook@1.1.1
82 silly idealTree +-- exit@0.1.2
82 silly idealTree +-- expand-braces@0.1.2
82 silly idealTree | +-- braces@0.1.5
82 silly idealTree | +-- expand-range@0.1.1
82 silly idealTree | +-- is-number@0.1.1
82 silly idealTree | `-- repeat-string@0.2.2
82 silly idealTree +-- expand-brackets@0.1.5
82 silly idealTree +-- expand-range@1.8.2
82 silly idealTree +-- express@4.14.1
82 silly idealTree | +-- debug@2.2.0
82 silly idealTree | +-- ms@0.7.1
82 silly idealTree | `-- qs@6.2.0
82 silly idealTree +-- extend@3.0.0
82 silly idealTree +-- extglob@0.3.2
82 silly idealTree +-- extract-text-webpack-plugin@2.0.0-rc.3
82 silly idealTree +-- extsprintf@1.0.2
82 silly idealTree +-- fancy-log@1.3.0
82 silly idealTree +-- fast-levenshtein@2.0.6
82 silly idealTree +-- fastparse@1.1.1
82 silly idealTree +-- faye-websocket@0.10.0
82 silly idealTree +-- figures@1.7.0
82 silly idealTree +-- file-loader@0.8.5
82 silly idealTree +-- filename-regex@2.0.0
82 silly idealTree +-- fileset@0.2.1
82 silly idealTree | +-- glob@5.0.15
82 silly idealTree | `-- minimatch@2.0.10
82 silly idealTree +-- fill-range@2.2.3
82 silly idealTree +-- filled-array@1.1.0
82 silly idealTree +-- finalhandler@0.5.1
82 silly idealTree | +-- debug@2.2.0
82 silly idealTree | `-- ms@0.7.1
82 silly idealTree +-- find-up@1.1.2
82 silly idealTree +-- findup-sync@0.3.0
82 silly idealTree | `-- glob@5.0.15
82 silly idealTree +-- findup@0.1.5
82 silly idealTree | `-- colors@0.6.2
82 silly idealTree +-- flatten@1.0.2
82 silly idealTree +-- for-in@0.1.6
82 silly idealTree +-- for-own@0.1.4
82 silly idealTree +-- forever-agent@0.6.1
82 silly idealTree +-- form-data@2.1.2
82 silly idealTree +-- forwarded@0.1.0
82 silly idealTree +-- fresh@0.3.0
82 silly idealTree +-- fs-access@1.0.1
82 silly idealTree +-- fs-extra@0.30.0
82 silly idealTree +-- fs.realpath@1.0.0
82 silly idealTree +-- fstream@1.0.10
82 silly idealTree +-- function-bind@1.1.0
82 silly idealTree +-- gauge@2.7.3
82 silly idealTree +-- gaze@1.1.2
82 silly idealTree +-- generate-function@2.0.0
82 silly idealTree +-- generate-object-property@1.2.0
82 silly idealTree +-- get-caller-file@1.0.2
82 silly idealTree +-- get-stdin@4.0.1
82 silly idealTree +-- getpass@0.1.6
82 silly idealTree | `-- assert-plus@1.0.0
82 silly idealTree +-- glob-base@0.3.0
82 silly idealTree +-- glob-parent@2.0.0
82 silly idealTree +-- glob@7.1.1
82 silly idealTree +-- globby@5.0.0
82 silly idealTree +-- globule@1.1.0
82 silly idealTree | `-- lodash@4.16.6
82 silly idealTree +-- glogg@1.0.0
82 silly idealTree +-- got@5.7.1
82 silly idealTree | `-- duplexer2@0.1.4
82 silly idealTree +-- graceful-fs@4.1.11
82 silly idealTree +-- graceful-readlink@1.0.1
82 silly idealTree +-- gulp-util@3.0.7
82 silly idealTree | `-- object-assign@3.0.0
82 silly idealTree +-- gulplog@1.0.0
82 silly idealTree +-- handle-thing@1.2.5
82 silly idealTree +-- handlebars@4.0.6
82 silly idealTree | +-- async@1.5.2
82 silly idealTree | `-- source-map@0.4.4
82 silly idealTree +-- har-validator@2.0.6
82 silly idealTree | `-- commander@2.9.0
82 silly idealTree +-- has-ansi@2.0.0
82 silly idealTree +-- has-binary@0.1.7
82 silly idealTree | `-- isarray@0.0.1
82 silly idealTree +-- has-cors@1.1.0
82 silly idealTree +-- has-flag@1.0.0
82 silly idealTree +-- has-gulplog@0.1.0
82 silly idealTree +-- has-unicode@2.0.1
82 silly idealTree +-- has@1.0.1
82 silly idealTree +-- hash.js@1.0.3
82 silly idealTree +-- hawk@3.1.3
82 silly idealTree +-- he@1.1.1
82 silly idealTree +-- hoek@2.16.3
82 silly idealTree +-- hosted-git-info@2.2.0
82 silly idealTree +-- hpack.js@2.1.6
82 silly idealTree +-- html-comment-regex@1.1.1
82 silly idealTree +-- html-minifier@3.3.1
82 silly idealTree | `-- commander@2.9.0
82 silly idealTree +-- html-webpack-plugin@2.28.0
82 silly idealTree +-- htmlparser2@3.3.0
82 silly idealTree | +-- domutils@1.1.6
82 silly idealTree | +-- isarray@0.0.1
82 silly idealTree | `-- readable-stream@1.0.34
82 silly idealTree +-- http-deceiver@1.2.7
82 silly idealTree +-- http-errors@1.5.1
82 silly idealTree +-- http-proxy-middleware@0.17.3
82 silly idealTree | +-- is-extglob@2.1.1
82 silly idealTree | `-- is-glob@3.1.0
82 silly idealTree +-- http-proxy@1.16.2
82 silly idealTree +-- http-signature@1.1.1
82 silly idealTree +-- https-browserify@0.0.1
82 silly idealTree +-- https-proxy-agent@1.0.0
82 silly idealTree +-- iconv-lite@0.4.15
82 silly idealTree +-- icss-replace-symbols@1.0.2
82 silly idealTree +-- ieee754@1.1.8
82 silly idealTree +-- image-size@0.5.1
82 silly idealTree +-- imurmurhash@0.1.4
82 silly idealTree +-- in-publish@2.0.0
82 silly idealTree +-- indent-string@2.1.0
82 silly idealTree +-- indexes-of@1.0.1
82 silly idealTree +-- indexof@0.0.1
82 silly idealTree +-- inflection@1.12.0
82 silly idealTree +-- inflight@1.0.6
82 silly idealTree +-- inherits@2.0.3
82 silly idealTree +-- ini@1.3.4
82 silly idealTree +-- inquirer@0.12.0
82 silly idealTree +-- interpret@1.0.1
82 silly idealTree +-- invert-kv@1.0.0
82 silly idealTree +-- ipaddr.js@1.2.0
82 silly idealTree +-- is-absolute-url@2.1.0
82 silly idealTree +-- is-arrayish@0.2.1
82 silly idealTree +-- is-binary-path@1.0.1
82 silly idealTree +-- is-buffer@1.1.4
82 silly idealTree +-- is-builtin-module@1.0.0
82 silly idealTree +-- is-dotfile@1.0.2
82 silly idealTree +-- is-equal-shallow@0.1.3
82 silly idealTree +-- is-extendable@0.1.1
82 silly idealTree +-- is-extglob@1.0.0
82 silly idealTree +-- is-finite@1.0.2
82 silly idealTree +-- is-fullwidth-code-point@1.0.0
82 silly idealTree +-- is-glob@2.0.1
82 silly idealTree +-- is-my-json-valid@2.15.0
82 silly idealTree +-- is-npm@1.0.0
82 silly idealTree +-- is-number@2.1.0
82 silly idealTree +-- is-obj@1.0.1
82 silly idealTree +-- is-path-cwd@1.0.0
82 silly idealTree +-- is-path-in-cwd@1.0.0
82 silly idealTree +-- is-path-inside@1.0.0
82 silly idealTree +-- is-plain-obj@1.1.0
82 silly idealTree +-- is-posix-bracket@0.1.1
82 silly idealTree +-- is-primitive@2.0.0
82 silly idealTree +-- is-property@1.0.2
82 silly idealTree +-- is-redirect@1.0.0
82 silly idealTree +-- is-retry-allowed@1.1.0
82 silly idealTree +-- is-stream@1.1.0
82 silly idealTree +-- is-svg@2.1.0
82 silly idealTree +-- is-typedarray@1.0.0
82 silly idealTree +-- is-utf8@0.2.1
82 silly idealTree +-- isarray@1.0.0
82 silly idealTree +-- isbinaryfile@2.0.4
82 silly idealTree +-- isexe@1.1.2
82 silly idealTree +-- isobject@2.1.0
82 silly idealTree +-- isstream@0.1.2
82 silly idealTree +-- istanbul@0.4.3
82 silly idealTree | +-- abbrev@1.0.9
82 silly idealTree | +-- async@1.5.2
82 silly idealTree | +-- resolve@1.1.7
82 silly idealTree | `-- wordwrap@1.0.0
82 silly idealTree +-- jasmine-core@2.5.2
82 silly idealTree +-- jasmine-spec-reporter@2.5.0
82 silly idealTree +-- jasmine@2.4.1
82 silly idealTree | +-- glob@3.2.11
82 silly idealTree | +-- jasmine-core@2.4.1
82 silly idealTree | +-- lru-cache@2.7.3
82 silly idealTree | `-- minimatch@0.3.0
82 silly idealTree +-- jasminewd2@0.0.10
82 silly idealTree +-- jodid25519@1.0.2
82 silly idealTree +-- js-base64@2.1.9
82 silly idealTree +-- js-tokens@3.0.1
82 silly idealTree +-- js-yaml@3.7.0
82 silly idealTree +-- jsbn@0.1.1
82 silly idealTree +-- jsesc@0.5.0
82 silly idealTree +-- json-loader@0.5.4
82 silly idealTree +-- json-schema@0.2.3
82 silly idealTree +-- json-stable-stringify@1.0.1
82 silly idealTree +-- json-stringify-safe@5.0.1
82 silly idealTree +-- json3@3.3.2
82 silly idealTree +-- json5@0.5.1
82 silly idealTree +-- jsonfile@2.4.0
82 silly idealTree +-- jsonify@0.0.0
82 silly idealTree +-- jsonpointer@4.0.1
82 silly idealTree +-- jsprim@1.3.1
82 silly idealTree +-- karma-chrome-launcher@2.0.0
82 silly idealTree +-- karma-cli@1.0.1
82 silly idealTree +-- karma-jasmine@1.1.0
82 silly idealTree +-- karma-remap-istanbul@0.2.2
82 silly idealTree +-- karma-sourcemap-loader@0.3.7
82 silly idealTree +-- karma-webpack@1.8.1
82 silly idealTree | +-- async@0.9.2
82 silly idealTree | +-- lodash@3.10.1
82 silly idealTree | `-- source-map@0.1.43
82 silly idealTree +-- karma@1.2.0
82 silly idealTree | +-- isbinaryfile@3.0.2
82 silly idealTree | `-- lodash@3.10.1
82 silly idealTree +-- kind-of@3.1.0
82 silly idealTree +-- klaw@1.3.1
82 silly idealTree +-- latest-version@2.0.0
82 silly idealTree +-- lazy-cache@1.0.4
82 silly idealTree +-- lazy-req@1.1.0
82 silly idealTree +-- lcid@1.0.0
82 silly idealTree +-- less-loader@2.2.3
82 silly idealTree +-- less@2.7.2
82 silly idealTree +-- levn@0.3.0
82 silly idealTree +-- load-json-file@1.1.0
82 silly idealTree +-- loader-runner@2.3.0
82 silly idealTree +-- loader-utils@0.2.16
82 silly idealTree +-- lodash._basecopy@3.0.1
82 silly idealTree +-- lodash._basetostring@3.0.1
82 silly idealTree +-- lodash._basevalues@3.0.0
82 silly idealTree +-- lodash._getnative@3.9.1
82 silly idealTree +-- lodash._isiterateecall@3.0.9
82 silly idealTree +-- lodash._reescape@3.0.0
82 silly idealTree +-- lodash._reevaluate@3.0.0
82 silly idealTree +-- lodash._reinterpolate@3.0.0
82 silly idealTree +-- lodash._root@3.0.1
82 silly idealTree +-- lodash.assign@4.2.0
82 silly idealTree +-- lodash.camelcase@4.3.0
82 silly idealTree +-- lodash.clonedeep@4.5.0
82 silly idealTree +-- lodash.escape@3.2.0
82 silly idealTree +-- lodash.isarguments@3.1.0
82 silly idealTree +-- lodash.isarray@3.0.4
82 silly idealTree +-- lodash.keys@3.1.2
82 silly idealTree +-- lodash.memoize@4.1.2
82 silly idealTree +-- lodash.mergewith@4.6.0
82 silly idealTree +-- lodash.restparam@3.6.1
82 silly idealTree +-- lodash.template@3.6.2
82 silly idealTree +-- lodash.templatesettings@3.1.1
82 silly idealTree +-- lodash.uniq@4.5.0
82 silly idealTree +-- lodash@4.17.4
82 silly idealTree +-- log4js@0.6.38
82 silly idealTree | +-- isarray@0.0.1
82 silly idealTree | +-- readable-stream@1.0.34
82 silly idealTree | `-- semver@4.3.6
82 silly idealTree +-- longest@1.0.1
82 silly idealTree +-- loud-rejection@1.6.0
82 silly idealTree +-- lower-case@1.1.3
82 silly idealTree +-- lowercase-keys@1.0.0
82 silly idealTree +-- lru-cache@4.0.2
82 silly idealTree +-- macaddress@0.2.8
82 silly idealTree +-- magic-string@0.19.0
82 silly idealTree +-- make-error@1.2.1
82 silly idealTree +-- map-obj@1.0.1
82 silly idealTree +-- matcher-collection@1.0.4
82 silly idealTree +-- math-expression-evaluator@1.2.16
82 silly idealTree +-- media-typer@0.3.0
82 silly idealTree +-- memory-fs@0.4.1
82 silly idealTree +-- meow@3.7.0
82 silly idealTree +-- merge-descriptors@1.0.1
82 silly idealTree +-- methods@1.1.2
82 silly idealTree +-- micromatch@2.3.11
82 silly idealTree +-- miller-rabin@4.0.0
82 silly idealTree +-- mime-db@1.26.0
82 silly idealTree +-- mime-types@2.1.14
82 silly idealTree +-- mime@1.3.4
82 silly idealTree +-- minimalistic-assert@1.0.0
82 silly idealTree +-- minimatch@3.0.3
82 silly idealTree +-- minimist@1.2.0
82 silly idealTree +-- mkdirp@0.5.1
82 silly idealTree | `-- minimist@0.0.8
82 silly idealTree +-- ms@0.7.2
82 silly idealTree +-- multipipe@0.1.2
82 silly idealTree +-- mute-stream@0.0.5
82 silly idealTree +-- nan@2.5.1
82 silly idealTree +-- ncname@1.0.0
82 silly idealTree +-- negotiator@0.6.1
82 silly idealTree +-- ng2-sidemenu@1.0.2
82 silly idealTree +-- no-case@2.3.1
82 silly idealTree +-- node-gyp@3.5.0
82 silly idealTree +-- node-libs-browser@2.0.0
82 silly idealTree +-- node-modules-path@1.0.1
82 silly idealTree +-- node-sass@4.5.0
82 silly idealTree +-- node-status-codes@1.0.0
82 silly idealTree +-- nopt@3.0.6
82 silly idealTree +-- normalize-package-data@2.3.5
82 silly idealTree +-- normalize-path@2.0.1
82 silly idealTree +-- normalize-range@0.1.2
82 silly idealTree +-- normalize-url@1.9.0
82 silly idealTree +-- npmlog@4.0.2
82 silly idealTree +-- nth-check@1.0.1
82 silly idealTree +-- null-check@1.0.0
82 silly idealTree +-- num2fraction@1.2.2
82 silly idealTree +-- number-is-nan@1.0.1
82 silly idealTree +-- oauth-sign@0.8.2
82 silly idealTree +-- object-assign@4.1.1
82 silly idealTree +-- object-component@0.0.3
82 silly idealTree +-- object.omit@2.0.1
82 silly idealTree +-- obuf@1.1.1
82 silly idealTree +-- on-finished@2.3.0
82 silly idealTree +-- on-headers@1.0.1
82 silly idealTree +-- once@1.4.0
82 silly idealTree +-- onetime@1.1.0
82 silly idealTree +-- opn@4.0.1
82 silly idealTree +-- optimist@0.6.1
82 silly idealTree | `-- minimist@0.0.10
82 silly idealTree +-- optionator@0.8.2
82 silly idealTree | `-- wordwrap@1.0.0
82 silly idealTree +-- options@0.0.6
82 silly idealTree +-- ora@0.2.3
82 silly idealTree +-- original@1.0.0
82 silly idealTree | `-- url-parse@1.0.5
82 silly idealTree +-- os-browserify@0.2.1
82 silly idealTree +-- os-homedir@1.0.2
82 silly idealTree +-- os-locale@1.4.0
82 silly idealTree +-- os-tmpdir@1.0.2
82 silly idealTree +-- osenv@0.1.4
82 silly idealTree +-- package-json@2.4.0
82 silly idealTree +-- pako@0.2.9
82 silly idealTree +-- param-case@2.1.0
82 silly idealTree +-- parse-asn1@5.0.0
82 silly idealTree +-- parse-glob@3.0.4
82 silly idealTree +-- parse-json@2.2.0
82 silly idealTree +-- parsejson@0.0.1
82 silly idealTree +-- parseqs@0.0.2
82 silly idealTree +-- parseuri@0.0.4
82 silly idealTree +-- parseurl@1.3.1
82 silly idealTree +-- path-browserify@0.0.0
82 silly idealTree +-- path-exists@2.1.0
82 silly idealTree +-- path-is-absolute@1.0.1
82 silly idealTree +-- path-is-inside@1.0.2
82 silly idealTree +-- path-to-regexp@0.1.7
82 silly idealTree +-- path-type@1.1.0
82 silly idealTree +-- pbkdf2@3.0.9
82 silly idealTree +-- pify@2.3.0
82 silly idealTree +-- pinkie-promise@2.0.1
82 silly idealTree +-- pinkie@2.0.4
82 silly idealTree +-- portfinder@1.0.9
82 silly idealTree | `-- async@1.5.2
82 silly idealTree +-- postcss-calc@5.3.1
82 silly idealTree +-- postcss-colormin@2.2.2
82 silly idealTree +-- postcss-convert-values@2.6.1
82 silly idealTree +-- postcss-discard-comments@2.0.4
82 silly idealTree +-- postcss-discard-duplicates@2.0.2
82 silly idealTree +-- postcss-discard-empty@2.1.0
82 silly idealTree +-- postcss-discard-overridden@0.1.1
82 silly idealTree +-- postcss-discard-unused@2.2.3
82 silly idealTree +-- postcss-filter-plugins@2.0.2
82 silly idealTree +-- postcss-loader@0.9.1
82 silly idealTree +-- postcss-merge-idents@2.1.7
82 silly idealTree +-- postcss-merge-longhand@2.0.2
82 silly idealTree +-- postcss-merge-rules@2.1.1
82 silly idealTree +-- postcss-message-helpers@2.0.0
82 silly idealTree +-- postcss-minify-font-values@1.0.5
82 silly idealTree +-- postcss-minify-gradients@1.0.5
82 silly idealTree +-- postcss-minify-params@1.2.2
82 silly idealTree +-- postcss-minify-selectors@2.1.1
82 silly idealTree +-- postcss-modules-extract-imports@1.0.1
82 silly idealTree +-- postcss-modules-local-by-default@1.1.1
82 silly idealTree | `-- css-selector-tokenizer@0.6.0
82 silly idealTree +-- postcss-modules-scope@1.0.2
82 silly idealTree | `-- css-selector-tokenizer@0.6.0
82 silly idealTree +-- postcss-modules-values@1.2.2
82 silly idealTree +-- postcss-normalize-charset@1.1.1
82 silly idealTree +-- postcss-normalize-url@3.0.8
82 silly idealTree +-- postcss-ordered-values@2.2.3
82 silly idealTree +-- postcss-reduce-idents@2.4.0
82 silly idealTree +-- postcss-reduce-initial@1.0.1
82 silly idealTree +-- postcss-reduce-transforms@1.0.4
82 silly idealTree +-- postcss-selector-parser@2.2.2
82 silly idealTree +-- postcss-svgo@2.1.6
82 silly idealTree +-- postcss-unique-selectors@2.0.2
82 silly idealTree +-- postcss-value-parser@3.3.0
82 silly idealTree +-- postcss-zindex@2.2.0
82 silly idealTree +-- postcss@5.2.13
82 silly idealTree +-- prelude-ls@1.1.2
82 silly idealTree +-- prepend-http@1.0.4
82 silly idealTree +-- preserve@0.2.0
82 silly idealTree +-- pretty-error@2.0.2
82 silly idealTree +-- process-nextick-args@1.0.7
82 silly idealTree +-- process@0.11.9
82 silly idealTree +-- promise@7.1.1
82 silly idealTree +-- protractor@4.0.14
82 silly idealTree | `-- webdriver-manager@10.3.0
82 silly idealTree +-- proxy-addr@1.1.3
82 silly idealTree +-- prr@0.0.0
82 silly idealTree +-- pseudomap@1.0.2
82 silly idealTree +-- public-encrypt@4.0.0
82 silly idealTree +-- punycode@1.4.1
82 silly idealTree +-- q@1.4.1
82 silly idealTree +-- qjobs@1.1.5
82 silly idealTree +-- qs@6.3.1
82 silly idealTree +-- query-string@4.3.2
82 silly idealTree +-- querystring-es3@0.2.1
82 silly idealTree +-- querystring@0.2.0
82 silly idealTree +-- querystringify@0.0.4
82 silly idealTree +-- randomatic@1.1.6
82 silly idealTree +-- randombytes@2.0.3
82 silly idealTree +-- range-parser@1.2.0
82 silly idealTree +-- raw-body@2.2.0
82 silly idealTree | `-- bytes@2.4.0
82 silly idealTree +-- raw-loader@0.5.1
82 silly idealTree +-- rc@1.1.6
82 silly idealTree | `-- strip-json-comments@1.0.4
82 silly idealTree +-- read-all-stream@3.1.0
82 silly idealTree +-- read-pkg-up@1.0.1
82 silly idealTree +-- read-pkg@1.1.0
82 silly idealTree +-- readable-stream@2.2.2
82 silly idealTree +-- readdirp@2.1.0
82 silly idealTree +-- readline2@1.0.1
82 silly idealTree +-- redent@1.0.0
82 silly idealTree +-- reduce-css-calc@1.3.0
82 silly idealTree +-- reduce-function-call@1.0.2
82 silly idealTree +-- reflect-metadata@0.1.9
82 silly idealTree +-- regenerate@1.3.2
82 silly idealTree +-- regenerator-runtime@0.10.1
82 silly idealTree +-- regex-cache@0.4.3
82 silly idealTree +-- regexpu-core@1.0.0
82 silly idealTree +-- registry-auth-token@3.1.0
82 silly idealTree +-- registry-url@3.1.0
82 silly idealTree +-- regjsgen@0.2.0
82 silly idealTree +-- regjsparser@0.1.5
82 silly idealTree +-- relateurl@0.2.7
82 silly idealTree +-- remap-istanbul@0.6.4
82 silly idealTree | `-- amdefine@1.0.0
82 silly idealTree +-- renderkid@2.0.0
82 silly idealTree | `-- utila@0.3.3
82 silly idealTree +-- repeat-element@1.1.2
82 silly idealTree +-- repeat-string@1.6.1
82 silly idealTree +-- repeating@2.0.1
82 silly idealTree +-- replace-ext@0.0.1
82 silly idealTree +-- request@2.79.0
82 silly idealTree +-- require-directory@2.1.1
82 silly idealTree +-- require-main-filename@1.0.1
82 silly idealTree +-- requires-port@1.0.0
82 silly idealTree +-- resolve@1.2.0
82 silly idealTree +-- restore-cursor@1.0.1
82 silly idealTree +-- right-align@0.1.3
82 silly idealTree +-- rimraf@2.5.4
82 silly idealTree +-- ripemd160@1.0.1
82 silly idealTree +-- rsvp@3.3.3
82 silly idealTree +-- run-async@0.1.0
82 silly idealTree +-- rx-lite@3.1.2
82 silly idealTree +-- rxjs@5.1.1
82 silly idealTree +-- sass-graph@2.1.2
82 silly idealTree | +-- cliui@3.2.0
82 silly idealTree | +-- window-size@0.2.0
82 silly idealTree | `-- yargs@4.8.1
82 silly idealTree +-- sass-loader@4.1.1
82 silly idealTree +-- saucelabs@1.3.0
82 silly idealTree +-- sax@1.2.2
82 silly idealTree +-- script-loader@0.7.0
82 silly idealTree +-- select-hose@2.0.0
82 silly idealTree +-- selenium-webdriver@2.53.3
82 silly idealTree | +-- adm-zip@0.4.4
82 silly idealTree | `-- tmp@0.0.24
82 silly idealTree +-- semver-diff@2.1.0
82 silly idealTree +-- semver@5.3.0
82 silly idealTree +-- send@0.14.2
82 silly idealTree | `-- debug@2.2.0
82 silly idealTree |   `-- ms@0.7.1
82 silly idealTree +-- serve-index@1.8.0
82 silly idealTree | +-- debug@2.2.0
82 silly idealTree | `-- ms@0.7.1
82 silly idealTree +-- serve-static@1.11.2
82 silly idealTree +-- set-blocking@2.0.0
82 silly idealTree +-- set-immediate-shim@1.0.1
82 silly idealTree +-- setimmediate@1.0.5
82 silly idealTree +-- setprototypeof@1.0.2
82 silly idealTree +-- sha.js@2.4.8
82 silly idealTree +-- sigmund@1.0.1
82 silly idealTree +-- signal-exit@3.0.2
82 silly idealTree +-- silent-error@1.0.1
82 silly idealTree +-- slide@1.1.6
82 silly idealTree +-- sntp@1.0.9
82 silly idealTree +-- socket.io-adapter@0.4.0
82 silly idealTree | +-- debug@2.2.0
82 silly idealTree | +-- isarray@0.0.1
82 silly idealTree | +-- json3@3.2.6
82 silly idealTree | +-- ms@0.7.1
82 silly idealTree | `-- socket.io-parser@2.2.2
82 silly idealTree |   `-- debug@0.7.4
82 silly idealTree +-- socket.io-client@1.4.6
82 silly idealTree | +-- component-emitter@1.2.0
82 silly idealTree | +-- debug@2.2.0
82 silly idealTree | `-- ms@0.7.1
82 silly idealTree +-- socket.io-parser@2.2.6
82 silly idealTree | +-- debug@2.2.0
82 silly idealTree | +-- isarray@0.0.1
82 silly idealTree | `-- ms@0.7.1
82 silly idealTree +-- socket.io@1.4.7
82 silly idealTree | +-- debug@2.2.0
82 silly idealTree | `-- ms@0.7.1
82 silly idealTree +-- sockjs-client@1.1.1
82 silly idealTree | `-- faye-websocket@0.11.1
82 silly idealTree +-- sockjs@0.3.18
82 silly idealTree | `-- uuid@2.0.3
82 silly idealTree +-- sort-keys@1.1.2
82 silly idealTree +-- source-list-map@0.1.8
82 silly idealTree +-- source-map-loader@0.1.6
82 silly idealTree | +-- async@0.9.2
82 silly idealTree | `-- source-map@0.1.43
82 silly idealTree +-- source-map-support@0.4.11
82 silly idealTree +-- source-map@0.5.6
82 silly idealTree +-- sourcemap-istanbul-instrumenter-loader@0.2.0
82 silly idealTree +-- sparkles@1.0.0
82 silly idealTree +-- spdx-correct@1.0.2
82 silly idealTree +-- spdx-expression-parse@1.0.4
82 silly idealTree +-- spdx-license-ids@1.2.2
82 silly idealTree +-- spdy-transport@2.0.18
82 silly idealTree +-- spdy@3.4.4
82 silly idealTree +-- sprintf-js@1.0.3
82 silly idealTree +-- sshpk@1.10.2
82 silly idealTree | `-- assert-plus@1.0.0
82 silly idealTree +-- statuses@1.3.1
82 silly idealTree +-- stdout-stream@1.4.0
82 silly idealTree +-- stream-browserify@2.0.1
82 silly idealTree +-- stream-http@2.6.3
82 silly idealTree +-- strict-uri-encode@1.1.0
82 silly idealTree +-- string_decoder@0.10.31
82 silly idealTree +-- string-width@1.0.2
82 silly idealTree +-- stringstream@0.0.5
82 silly idealTree +-- strip-ansi@3.0.1
82 silly idealTree +-- strip-bom@2.0.0
82 silly idealTree +-- strip-indent@1.0.1
82 silly idealTree +-- strip-json-comments@2.0.1
82 silly idealTree +-- style-loader@0.13.1
82 silly idealTree +-- stylus-loader@2.4.0
82 silly idealTree +-- stylus@0.54.5
82 silly idealTree | +-- glob@7.0.6
82 silly idealTree | +-- sax@0.5.8
82 silly idealTree | `-- source-map@0.1.43
82 silly idealTree +-- supports-color@3.2.3
82 silly idealTree +-- svgo@0.7.2
82 silly idealTree +-- symbol-observable@1.0.4
82 silly idealTree +-- tapable@0.2.6
82 silly idealTree +-- tar@2.2.1
82 silly idealTree +-- temp@0.8.3
82 silly idealTree | `-- rimraf@2.2.8
82 silly idealTree +-- through@2.3.8
82 silly idealTree +-- through2@2.0.1
82 silly idealTree | `-- readable-stream@2.0.6
82 silly idealTree +-- time-stamp@1.0.1
82 silly idealTree +-- timed-out@3.1.3
82 silly idealTree +-- timers-browserify@2.0.2
82 silly idealTree +-- tmp@0.0.28
82 silly idealTree +-- to-array@0.1.4
82 silly idealTree +-- to-arraybuffer@1.0.1
82 silly idealTree +-- toposort@1.0.3
82 silly idealTree +-- tough-cookie@2.3.2
82 silly idealTree +-- trim-newlines@1.0.0
82 silly idealTree +-- ts-helpers@1.1.2
82 silly idealTree +-- ts-node@1.2.1
82 silly idealTree +-- tsconfig@5.0.3
82 silly idealTree +-- tsickle@0.2.6
82 silly idealTree +-- tslint@4.4.2
82 silly idealTree | `-- diff@3.2.0
82 silly idealTree +-- tty-browserify@0.0.0
82 silly idealTree +-- tunnel-agent@0.4.3
82 silly idealTree +-- tweetnacl@0.14.5
82 silly idealTree +-- type-check@0.3.2
82 silly idealTree +-- type-is@1.6.14
82 silly idealTree +-- typescript@2.0.10
82 silly idealTree +-- uglify-js@2.7.5
82 silly idealTree | `-- async@0.2.10
82 silly idealTree +-- uglify-to-browserify@1.0.2
82 silly idealTree +-- ultron@1.0.2
82 silly idealTree +-- uniq@1.0.1
82 silly idealTree +-- uniqid@4.1.1
82 silly idealTree +-- uniqs@2.0.0
82 silly idealTree +-- unpipe@1.0.0
82 silly idealTree +-- unzip-response@1.0.2
82 silly idealTree +-- update-notifier@1.0.3
82 silly idealTree +-- upper-case@1.1.3
82 silly idealTree +-- url-loader@0.5.7
82 silly idealTree | `-- mime@1.2.11
82 silly idealTree +-- url-parse-lax@1.0.0
82 silly idealTree +-- url-parse@1.1.7
82 silly idealTree +-- url@0.11.0
82 silly idealTree | `-- punycode@1.3.2
82 silly idealTree +-- useragent@2.1.12
82 silly idealTree | `-- lru-cache@2.2.4
82 silly idealTree +-- utf8@2.1.0
82 silly idealTree +-- util-deprecate@1.0.2
82 silly idealTree +-- util@0.10.3
82 silly idealTree | `-- inherits@2.0.1
82 silly idealTree +-- utila@0.4.0
82 silly idealTree +-- utils-merge@1.0.0
82 silly idealTree +-- uuid@3.0.1
82 silly idealTree +-- validate-npm-package-license@3.0.1
82 silly idealTree +-- vary@1.1.0
82 silly idealTree +-- vendors@1.0.1
82 silly idealTree +-- verror@1.3.6
82 silly idealTree +-- vinyl@0.5.3
82 silly idealTree +-- vlq@0.2.1
82 silly idealTree +-- vm-browserify@0.0.4
82 silly idealTree +-- void-elements@2.0.1
82 silly idealTree +-- walk-sync@0.2.7
82 silly idealTree +-- watchpack@1.2.1
82 silly idealTree +-- wbuf@1.7.2
82 silly idealTree +-- webpack-dev-middleware@1.10.0
82 silly idealTree +-- webpack-dev-server@2.2.0-rc.0
82 silly idealTree | +-- camelcase@3.0.0
82 silly idealTree | +-- cliui@3.2.0
82 silly idealTree | +-- opn@4.0.2
82 silly idealTree | +-- yargs-parser@4.2.1
82 silly idealTree | `-- yargs@6.6.0
82 silly idealTree +-- webpack-merge@2.6.1
82 silly idealTree +-- webpack-sources@0.1.4
82 silly idealTree +-- webpack@2.2.0
82 silly idealTree | +-- camelcase@3.0.0
82 silly idealTree | +-- cliui@3.2.0
82 silly idealTree | +-- yargs-parser@4.2.1
82 silly idealTree | `-- yargs@6.6.0
82 silly idealTree +-- websocket-driver@0.6.5
82 silly idealTree +-- websocket-extensions@0.1.1
82 silly idealTree +-- when@3.6.4
82 silly idealTree +-- whet.extend@0.9.9
82 silly idealTree +-- which-module@1.0.0
82 silly idealTree +-- which@1.2.12
82 silly idealTree +-- wide-align@1.1.0
82 silly idealTree +-- widest-line@1.0.0
82 silly idealTree +-- window-size@0.1.0
82 silly idealTree +-- wordwrap@0.0.2
82 silly idealTree +-- wrap-ansi@2.1.0
82 silly idealTree +-- wrappy@1.0.2
82 silly idealTree +-- write-file-atomic@1.3.1
82 silly idealTree +-- ws@1.0.1
82 silly idealTree +-- xdg-basedir@2.0.0
82 silly idealTree +-- xml-char-classes@1.0.0
82 silly idealTree +-- xml2js@0.4.4
82 silly idealTree | `-- sax@0.6.1
82 silly idealTree +-- xmlbuilder@8.2.2
82 silly idealTree +-- xmlhttprequest-ssl@1.5.1
82 silly idealTree +-- xtend@4.0.1
82 silly idealTree +-- y18n@3.2.1
82 silly idealTree +-- yallist@2.0.0
82 silly idealTree +-- yargs-parser@2.4.1
82 silly idealTree | `-- camelcase@3.0.0
82 silly idealTree +-- yargs@3.10.0
82 silly idealTree +-- yeast@0.1.2
82 silly idealTree `-- zone.js@0.7.7
83 silly generateActionsToTake Starting
84 silly install generateActionsToTake
85 silly generateActionsToTake Finishing
86 silly diffTrees action count 1
87 silly diffTrees add ng2-sidemenu@1.0.2
88 silly decomposeActions action count 8
89 silly decomposeActions fetch ng2-sidemenu@1.0.2
90 silly decomposeActions extract ng2-sidemenu@1.0.2
91 silly decomposeActions test ng2-sidemenu@1.0.2
92 silly decomposeActions preinstall ng2-sidemenu@1.0.2
93 silly decomposeActions build ng2-sidemenu@1.0.2
94 silly decomposeActions install ng2-sidemenu@1.0.2
95 silly decomposeActions postinstall ng2-sidemenu@1.0.2
96 silly decomposeActions finalize ng2-sidemenu@1.0.2
97 silly runTopLevelLifecycles Starting
98 silly executeActions Starting
99 silly install executeActions
100 silly doSerial global-install 0
101 silly doParallel fetch 1
102 verbose correctMkdir C:\Users\Akshu\AppData\Roaming\npm-cache\_locks correctMkdir not in flight; initializing
103 verbose lock using C:\Users\Akshu\AppData\Roaming\npm-cache\_locks\staging-8f8e9d680aa15624.lock for E:\Study\Ang2\sidemenus\node_modules\.staging
104 verbose unlock done using C:\Users\Akshu\AppData\Roaming\npm-cache\_locks\staging-8f8e9d680aa15624.lock for E:\Study\Ang2\sidemenus\node_modules\.staging
105 silly rollbackFailedOptional Starting
106 silly rollbackFailedOptional Finishing
107 silly runTopLevelLifecycles Finishing
108 silly install printInstalled
109 warn optional SKIPPING OPTIONAL DEPENDENCY: fsevents@^1.0.0 (node_modules\chokidar\node_modules\fsevents):
110 warn notsup SKIPPING OPTIONAL DEPENDENCY: Unsupported platform for fsevents@1.0.17: wanted {"os":"darwin","arch":"any"} (current: {"os":"win32","arch":"x64"})
111 verbose notsup SKIPPING OPTIONAL DEPENDENCY: Valid OS:    darwin
111 verbose notsup SKIPPING OPTIONAL DEPENDENCY: Valid Arch:  any
111 verbose notsup SKIPPING OPTIONAL DEPENDENCY: Actual OS:   win32
111 verbose notsup SKIPPING OPTIONAL DEPENDENCY: Actual Arch: x64
112 warn ng2-sidemenu@1.0.2 requires a peer of angular2@2.0.0-beta.15 but none was installed.
113 verbose If you need help, you may report this error at:
113 verbose     <https://github.com/npm/npm/issues>
114 verbose stack Error: EPERM: operation not permitted, unlink 'E:\Study\Ang2\sidemenus\node_modules\.staging'
114 verbose stack     at Error (native)
115 verbose cwd E:\Study\Ang2\sidemenus
116 error Windows_NT 6.3.9600
117 error argv "C:\\Program Files\\nodejs\\node.exe" "C:\\Program Files\\nodejs\\node_modules\\npm\\bin\\npm-cli.js" "install" "ng2-sidemenu"
118 error node v6.9.4
119 error npm  v3.10.10
120 error path E:\Study\Ang2\sidemenus\node_modules\.staging
121 error code EPERM
122 error errno -4048
123 error syscall unlink
124 error Error: EPERM: operation not permitted, unlink 'E:\Study\Ang2\sidemenus\node_modules\.staging'
124 error     at Error (native)
124 error  { Error: EPERM: operation not permitted, unlink 'E:\Study\Ang2\sidemenus\node_modules\.staging'
124 error     at Error (native)
124 error   errno: -4048,
124 error   code: 'EPERM',
124 error   syscall: 'unlink',
124 error   path: 'E:\\Study\\Ang2\\sidemenus\\node_modules\\.staging' }
125 error Please try running this command again as root/Administrator.
126 verbose exit [ -4048, true ]
